[2026-06-03 08:13:05] --- INTENTO CREAR TICKET ---
[2026-06-03 08:13:05] topicId=14
[2026-06-03 08:13:05] uid=anonimo
[2026-06-03 08:13:05] message_len=0
[2026-06-03 08:13:05] errors_pre=[]
[2026-06-03 08:13:05] vars_keys=["__CSRFToken__","a","ab4df3715dc6a0","698b9435440e16","topicId","bbaa60650ef8f6","cfbf39cac89a04","046459ddbd55cf","98fd8a57de177c","fea27e6f783f36","13b6ddb2f0501e","7efaba7e922975","20215fda217a6a","f3a5e6705e7551","ff80a76201ce8d","acbb06691c4b47","6790e8d1dc0bf4","7a1383d9092c2c","6f6eb4bfc331f5","783a49d805aa81","7481f5037f0a52","2a48b777a772dc","0c0c99de2667fe","7da0407fe73a80","ceeb5d0bc10092","f7d61a2f19c705","69f8462e8dc3c2","0b1c1de31cc7f5","d7e495b62944d8","d873dc3054c13e","2de4c533b95961","5a1a655bbe18f9","41488db0806a4a","6ec9d610685045","548f7b65cfaf0a","55f035ac94fc17","aad181f66fc184","03bed068b0a6d6","078e49e9ff67cf","c7c0e974806027","6c7dcb87c34679","02f74d616a81c7","b9471bca0dea16","f789066acf8386","emailId","deptId","message"]
[2026-06-03 08:13:05] TICKET FALLIDO errors=[["GRUPO es un campo obligatorio"],["NOMBRE DEL CURSO es un campo obligatorio"],["N\u00ba DE ALUMNOS MATRICULADOS es un campo obligatorio"],["N\u00ba DE ALUMNOS QUE FINALIZAN es un campo obligatorio"],["TUTOR es un campo obligatorio"],["PERSONAS DE APOYO es un campo obligatorio"]]
[2026-06-03 08:13:05] VARS_POST={"__CSRFToken__":"d65195ae8a3d61aeaed67901f57d4b4c768826b1","a":"open","ab4df3715dc6a0":"alvaro.bernardo@grupoatu.com","698b9435440e16":"Álvaro","topicId":"14","bbaa60650ef8f6":"sfsfd","98fd8a57de177c":"asdfa","fea27e6f783f36":"asdfa","acbb06691c4b47":"sadf","0c0c99de2667fe":"asdfa","d7e495b62944d8":"sdfsaf","41488db0806a4a":"fsfsfsdfs","6ec9d610685045":"asfasfsdfs","55f035ac94fc17":"sfsfdsf","03bed068b0a6d6":"sfsfsf","c7c0e974806027":"sdfadf","6c7dcb87c34679":"sfa","02f74d616a81c7":"fsfs","b9471bca0dea16":"sdfs","f789066acf8386":"asdf","emailId":"0","deptId":"0"}
[2026-06-03 08:13:14] --- INTENTO CREAR TICKET ---
[2026-06-03 08:13:14] topicId=14
[2026-06-03 08:13:14] uid=anonimo
[2026-06-03 08:13:14] message_len=0
[2026-06-03 08:13:14] errors_pre=[]
[2026-06-03 08:13:14] vars_keys=["__CSRFToken__","a","ab4df3715dc6a0","698b9435440e16","topicId","bbaa60650ef8f6","cfbf39cac89a04","046459ddbd55cf","98fd8a57de177c","fea27e6f783f36","13b6ddb2f0501e","7efaba7e922975","20215fda217a6a","f3a5e6705e7551","ff80a76201ce8d","acbb06691c4b47","6790e8d1dc0bf4","7a1383d9092c2c","6f6eb4bfc331f5","783a49d805aa81","7481f5037f0a52","2a48b777a772dc","0c0c99de2667fe","7da0407fe73a80","ceeb5d0bc10092","f7d61a2f19c705","69f8462e8dc3c2","0b1c1de31cc7f5","d7e495b62944d8","d873dc3054c13e","2de4c533b95961","5a1a655bbe18f9","41488db0806a4a","6ec9d610685045","548f7b65cfaf0a","55f035ac94fc17","aad181f66fc184","03bed068b0a6d6","078e49e9ff67cf","c7c0e974806027","6c7dcb87c34679","02f74d616a81c7","b9471bca0dea16","f789066acf8386","emailId","deptId","message"]
[2026-06-03 08:13:14] TICKET FALLIDO errors=[["GRUPO es un campo obligatorio"],["NOMBRE DEL CURSO es un campo obligatorio"],["N\u00ba DE ALUMNOS MATRICULADOS es un campo obligatorio"],["N\u00ba DE ALUMNOS QUE FINALIZAN es un campo obligatorio"],["TUTOR es un campo obligatorio"],["PERSONAS DE APOYO es un campo obligatorio"]]
[2026-06-03 08:13:14] VARS_POST={"__CSRFToken__":"d65195ae8a3d61aeaed67901f57d4b4c768826b1","a":"open","ab4df3715dc6a0":"alvaro.bernardo@grupoatu.com","698b9435440e16":"Álvaro","topicId":"14","bbaa60650ef8f6":"sfsfd","98fd8a57de177c":"asdfa","fea27e6f783f36":"asdfa","acbb06691c4b47":"sadf","0c0c99de2667fe":"asdfa","d7e495b62944d8":"sdfsaf","41488db0806a4a":"fsfsfsdfs","6ec9d610685045":"asfasfsdfs","55f035ac94fc17":"sfsfdsf","03bed068b0a6d6":"sfsfsf","c7c0e974806027":"sdfadf","6c7dcb87c34679":"sfa","02f74d616a81c7":"fsfs","b9471bca0dea16":"sdfs","f789066acf8386":"asdf","emailId":"0","deptId":"0"}
[2026-06-03 08:18:14] --- INTENTO CREAR TICKET ---
[2026-06-03 08:18:14] topicId=14
[2026-06-03 08:18:14] uid=anonimo
[2026-06-03 08:18:14] message_len=0
[2026-06-03 08:18:14] errors_pre=[]
[2026-06-03 08:18:14] vars_keys=["__CSRFToken__","a","ab4df3715dc6a0","698b9435440e16","topicId","bbaa60650ef8f6","cfbf39cac89a04","046459ddbd55cf","98fd8a57de177c","fea27e6f783f36","13b6ddb2f0501e","7efaba7e922975","20215fda217a6a","f3a5e6705e7551","ff80a76201ce8d","acbb06691c4b47","6790e8d1dc0bf4","7a1383d9092c2c","6f6eb4bfc331f5","783a49d805aa81","7481f5037f0a52","2a48b777a772dc","0c0c99de2667fe","7da0407fe73a80","ceeb5d0bc10092","f7d61a2f19c705","69f8462e8dc3c2","0b1c1de31cc7f5","d7e495b62944d8","d873dc3054c13e","2de4c533b95961","5a1a655bbe18f9","41488db0806a4a","6ec9d610685045","548f7b65cfaf0a","55f035ac94fc17","aad181f66fc184","03bed068b0a6d6","078e49e9ff67cf","c7c0e974806027","6c7dcb87c34679","02f74d616a81c7","b9471bca0dea16","f789066acf8386","emailId","deptId","message"]
[2026-06-03 08:18:14] TICKET FALLIDO errors=[["GRUPO es un campo obligatorio"],["NOMBRE DEL CURSO es un campo obligatorio"],["N\u00ba DE ALUMNOS MATRICULADOS es un campo obligatorio"],["N\u00ba DE ALUMNOS QUE FINALIZAN es un campo obligatorio"],["TUTOR es un campo obligatorio"],["PERSONAS DE APOYO es un campo obligatorio"]]
[2026-06-03 08:18:14] VARS_POST={"__CSRFToken__":"d65195ae8a3d61aeaed67901f57d4b4c768826b1","a":"open","ab4df3715dc6a0":"alvaro.bernardo@grupoatu.com","698b9435440e16":"Álvaro","topicId":"14","bbaa60650ef8f6":"sfsfd","98fd8a57de177c":"asdfa","fea27e6f783f36":"asdfa","acbb06691c4b47":"sadf","0c0c99de2667fe":"asdfa","d7e495b62944d8":"sdfsaf","41488db0806a4a":"fsfsfsdfs","6ec9d610685045":"asfasfsdfs","55f035ac94fc17":"sfsfdsf","03bed068b0a6d6":"sfsfsf","c7c0e974806027":"sdfadf","6c7dcb87c34679":"sfa","02f74d616a81c7":"fsfs","b9471bca0dea16":"sdfs","f789066acf8386":"asdf","emailId":"0","deptId":"0"}
2026-06-03 09:19:03
ERRORS: Array
(
    [0] => Array
        (
            [0] => SECTOR es un campo obligatorio
        )

    [1] => Array
        (
            [0] => GRUPO es un campo obligatorio
        )

    [2] => Array
        (
            [0] => NOMBRE DEL CURSO es un campo obligatorio
        )

    [3] => Array
        (
            [0] => Nº DE ALUMNOS MATRICULADOS es un campo obligatorio
        )

    [4] => Array
        (
            [0] => Nº DE ALUMNOS QUE FINALIZAN es un campo obligatorio
        )

    [5] => Array
        (
            [0] => TUTOR es un campo obligatorio
        )

    [6] => Array
        (
            [0] => PERSONAS DE APOYO es un campo obligatorio
        )

    [err] => No ha sido posible crear el ticket. Corrige los errores e inténtalo de nuevo.
)
VARS: Array
(
    [__CSRFToken__] => 4b6c19887096123bdc784afccddbfad67a33c08a
    [a] => open
    [1244d69b1e61d0] => alvaro.bernardo@grupoatu.com
    [2e80efa74b7314] => Álvaro Bernardo Diaz
    [topicId] => 14
    [a50d3ccfb01361] => 1
    [b8113526fa6396] => Array
        (
            [0] => 17
        )

    [8a9b327b85518e] => Array
        (
            [0] => 
        )

    [cb6ebde1bd0059] => 1
    [34a786d97cafb0] => 1
    [5abe7529c36b53] => Array
        (
            [0] => 297
        )

    [f1c4f00f4410d9] => Array
        (
            [0] => 296
        )

    [5c6130e819f5e8] => Array
        (
            [0] => 298
        )

    [807f0f74b3d69f] => Array
        (
            [0] => 296
        )

    [54046294988552] => Array
        (
            [0] => 296
        )

    [5ec4739c0d6e83] => 1
    [2b342816788672] => Array
        (
            [0] => 296
        )

    [ad6b877e4a6967] => Array
        (
            [0] => 296
        )

    [b16d2c5d8f8200] => Array
        (
            [0] => 296
        )

    [1bacff14278116] => Array
        (
            [0] => 298
        )

    [19454330554b10] => Array
        (
            [0] => 300
        )

    [9453ee173b521f] => Array
        (
            [0] => 296
        )

    [a4e179d1bd6303] => 1
    [a32dd2539a3e2d] => Array
        (
            [0] => 298
        )

    [b48a0523b27b15] => Array
        (
            [0] => 298
        )

    [0e8908cb266164] => Array
        (
            [0] => 299
        )

    [998a64c4ce249b] => Array
        (
            [0] => 296
        )

    [b87b0ca6ab14f8] => Array
        (
            [0] => 300
        )

    [bc5d322fe021e5] => 1
    [10992136831f5f] => Array
        (
            [0] => 303
        )

    [e88deea0e8cc3b] => Array
        (
            [0] => 303
        )

    [d2e369fe91368c] => Array
        (
            [0] => 310
        )

    [0e907ef6899893] => 1
    [1ed12541d06dcd] => 1
    [8144d9906890c0] => Array
        (
            [0] => 311
        )

    [30bf28cd9af39f] => 1
    [e8d4131977531b] => Array
        (
            [0] => 315
        )

    [8cf31b3d937ab1] => 1
    [80bfa0c23b28f5] => Array
        (
            [0] => 317
        )

    [f8f886e7f4dbeb] => 1
    [7ce04aa4515af0] => 1
    [c62afde0c84c5d] => 1
    [755f760cd021b0] => 1
    [a7586f87d5b3f0] => 1
    [emailId] => 0
    [deptId] => 0
    [message] => 
)
--------------------------------------------------------------------------------
2026-06-03 09:24:03
ERRORS: Array
(
    [0] => Array
        (
            [0] => SECTOR es un campo obligatorio
        )

    [1] => Array
        (
            [0] => GRUPO es un campo obligatorio
        )

    [2] => Array
        (
            [0] => NOMBRE DEL CURSO es un campo obligatorio
        )

    [3] => Array
        (
            [0] => Nº DE ALUMNOS MATRICULADOS es un campo obligatorio
        )

    [4] => Array
        (
            [0] => Nº DE ALUMNOS QUE FINALIZAN es un campo obligatorio
        )

    [5] => Array
        (
            [0] => TUTOR es un campo obligatorio
        )

    [6] => Array
        (
            [0] => PERSONAS DE APOYO es un campo obligatorio
        )

    [err] => No ha sido posible crear el ticket. Corrige los errores e inténtalo de nuevo.
)
VARS: Array
(
    [__CSRFToken__] => 4b6c19887096123bdc784afccddbfad67a33c08a
    [a] => open
    [1244d69b1e61d0] => alvaro.bernardo@grupoatu.com
    [2e80efa74b7314] => Álvaro Bernardo Diaz
    [topicId] => 14
    [a50d3ccfb01361] => 1
    [b8113526fa6396] => Array
        (
            [0] => 17
        )

    [8a9b327b85518e] => Array
        (
            [0] => 
        )

    [cb6ebde1bd0059] => 1
    [34a786d97cafb0] => 1
    [5abe7529c36b53] => Array
        (
            [0] => 297
        )

    [f1c4f00f4410d9] => Array
        (
            [0] => 296
        )

    [5c6130e819f5e8] => Array
        (
            [0] => 298
        )

    [807f0f74b3d69f] => Array
        (
            [0] => 296
        )

    [54046294988552] => Array
        (
            [0] => 296
        )

    [5ec4739c0d6e83] => 1
    [2b342816788672] => Array
        (
            [0] => 296
        )

    [ad6b877e4a6967] => Array
        (
            [0] => 296
        )

    [b16d2c5d8f8200] => Array
        (
            [0] => 296
        )

    [1bacff14278116] => Array
        (
            [0] => 298
        )

    [19454330554b10] => Array
        (
            [0] => 300
        )

    [9453ee173b521f] => Array
        (
            [0] => 296
        )

    [a4e179d1bd6303] => 1
    [a32dd2539a3e2d] => Array
        (
            [0] => 298
        )

    [b48a0523b27b15] => Array
        (
            [0] => 298
        )

    [0e8908cb266164] => Array
        (
            [0] => 299
        )

    [998a64c4ce249b] => Array
        (
            [0] => 296
        )

    [b87b0ca6ab14f8] => Array
        (
            [0] => 300
        )

    [bc5d322fe021e5] => 1
    [10992136831f5f] => Array
        (
            [0] => 303
        )

    [e88deea0e8cc3b] => Array
        (
            [0] => 303
        )

    [d2e369fe91368c] => Array
        (
            [0] => 310
        )

    [0e907ef6899893] => 1
    [1ed12541d06dcd] => 1
    [8144d9906890c0] => Array
        (
            [0] => 311
        )

    [30bf28cd9af39f] => 1
    [e8d4131977531b] => Array
        (
            [0] => 315
        )

    [8cf31b3d937ab1] => 1
    [80bfa0c23b28f5] => Array
        (
            [0] => 317
        )

    [f8f886e7f4dbeb] => 1
    [7ce04aa4515af0] => 1
    [c62afde0c84c5d] => 1
    [755f760cd021b0] => 1
    [a7586f87d5b3f0] => 1
    [emailId] => 0
    [deptId] => 0
    [message] => 
)
--------------------------------------------------------------------------------
2026-06-03 09:24:14
ERRORS: Array
(
    [0] => Array
        (
            [0] => SECTOR es un campo obligatorio
        )

    [1] => Array
        (
            [0] => GRUPO es un campo obligatorio
        )

    [2] => Array
        (
            [0] => NOMBRE DEL CURSO es un campo obligatorio
        )

    [3] => Array
        (
            [0] => Nº DE ALUMNOS MATRICULADOS es un campo obligatorio
        )

    [4] => Array
        (
            [0] => Nº DE ALUMNOS QUE FINALIZAN es un campo obligatorio
        )

    [5] => Array
        (
            [0] => TUTOR es un campo obligatorio
        )

    [6] => Array
        (
            [0] => PERSONAS DE APOYO es un campo obligatorio
        )

    [7] => Array
        (
            [0] => CORRECCIÓN Y REVISIÓN DE PRUEBAS DE EVALUACIÓN es un campo obligatorio
        )

    [err] => No ha sido posible crear el ticket. Corrige los errores e inténtalo de nuevo.
)
VARS: Array
(
    [__CSRFToken__] => 4b6c19887096123bdc784afccddbfad67a33c08a
    [a] => open
    [1244d69b1e61d0] => alvaro.bernardo@grupoatu.com
    [2e80efa74b7314] => Álvaro Bernardo Diaz
    [topicId] => 14
    [a50d3ccfb01361] => 1
    [b8113526fa6396] => Array
        (
            [0] => 17
        )

    [8a9b327b85518e] => Array
        (
            [0] => 
        )

    [cb6ebde1bd0059] => 1
    [34a786d97cafb0] => 1
    [5abe7529c36b53] => Array
        (
            [0] => 297
        )

    [f1c4f00f4410d9] => Array
        (
            [0] => 296
        )

    [5c6130e819f5e8] => Array
        (
            [0] => 298
        )

    [807f0f74b3d69f] => Array
        (
            [0] => 296
        )

    [54046294988552] => Array
        (
            [0] => 
        )

    [5ec4739c0d6e83] => 1
    [2b342816788672] => Array
        (
            [0] => 296
        )

    [ad6b877e4a6967] => Array
        (
            [0] => 296
        )

    [b16d2c5d8f8200] => Array
        (
            [0] => 296
        )

    [1bacff14278116] => Array
        (
            [0] => 298
        )

    [19454330554b10] => Array
        (
            [0] => 300
        )

    [9453ee173b521f] => Array
        (
            [0] => 296
        )

    [a4e179d1bd6303] => 1
    [a32dd2539a3e2d] => Array
        (
            [0] => 298
        )

    [b48a0523b27b15] => Array
        (
            [0] => 298
        )

    [0e8908cb266164] => Array
        (
            [0] => 299
        )

    [998a64c4ce249b] => Array
        (
            [0] => 296
        )

    [b87b0ca6ab14f8] => Array
        (
            [0] => 300
        )

    [bc5d322fe021e5] => 1
    [10992136831f5f] => Array
        (
            [0] => 303
        )

    [e88deea0e8cc3b] => Array
        (
            [0] => 303
        )

    [d2e369fe91368c] => Array
        (
            [0] => 310
        )

    [0e907ef6899893] => 1
    [1ed12541d06dcd] => 1
    [8144d9906890c0] => Array
        (
            [0] => 311
        )

    [30bf28cd9af39f] => 1
    [e8d4131977531b] => Array
        (
            [0] => 315
        )

    [8cf31b3d937ab1] => 1
    [80bfa0c23b28f5] => Array
        (
            [0] => 317
        )

    [f8f886e7f4dbeb] => 1
    [7ce04aa4515af0] => 1
    [c62afde0c84c5d] => 1
    [755f760cd021b0] => 1
    [a7586f87d5b3f0] => 1
    [emailId] => 0
    [deptId] => 0
    [message] => 
)
--------------------------------------------------------------------------------
2026-06-03 09:24:21
ERRORS: Array
(
    [0] => Array
        (
            [0] => SECTOR es un campo obligatorio
        )

    [1] => Array
        (
            [0] => GRUPO es un campo obligatorio
        )

    [2] => Array
        (
            [0] => NOMBRE DEL CURSO es un campo obligatorio
        )

    [3] => Array
        (
            [0] => Nº DE ALUMNOS MATRICULADOS es un campo obligatorio
        )

    [4] => Array
        (
            [0] => Nº DE ALUMNOS QUE FINALIZAN es un campo obligatorio
        )

    [5] => Array
        (
            [0] => TUTOR es un campo obligatorio
        )

    [6] => Array
        (
            [0] => PERSONAS DE APOYO es un campo obligatorio
        )

    [err] => No ha sido posible crear el ticket. Corrige los errores e inténtalo de nuevo.
)
VARS: Array
(
    [__CSRFToken__] => 4b6c19887096123bdc784afccddbfad67a33c08a
    [a] => open
    [1244d69b1e61d0] => alvaro.bernardo@grupoatu.com
    [2e80efa74b7314] => Álvaro Bernardo Diaz
    [topicId] => 14
    [a50d3ccfb01361] => 1
    [b8113526fa6396] => Array
        (
            [0] => 17
        )

    [8a9b327b85518e] => Array
        (
            [0] => 
        )

    [cb6ebde1bd0059] => 1
    [34a786d97cafb0] => 1
    [5abe7529c36b53] => Array
        (
            [0] => 297
        )

    [f1c4f00f4410d9] => Array
        (
            [0] => 296
        )

    [5c6130e819f5e8] => Array
        (
            [0] => 298
        )

    [807f0f74b3d69f] => Array
        (
            [0] => 296
        )

    [54046294988552] => Array
        (
            [0] => 297
        )

    [5ec4739c0d6e83] => 1
    [2b342816788672] => Array
        (
            [0] => 296
        )

    [ad6b877e4a6967] => Array
        (
            [0] => 296
        )

    [b16d2c5d8f8200] => Array
        (
            [0] => 296
        )

    [1bacff14278116] => Array
        (
            [0] => 298
        )

    [19454330554b10] => Array
        (
            [0] => 300
        )

    [9453ee173b521f] => Array
        (
            [0] => 296
        )

    [a4e179d1bd6303] => 1
    [a32dd2539a3e2d] => Array
        (
            [0] => 298
        )

    [b48a0523b27b15] => Array
        (
            [0] => 298
        )

    [0e8908cb266164] => Array
        (
            [0] => 299
        )

    [998a64c4ce249b] => Array
        (
            [0] => 296
        )

    [b87b0ca6ab14f8] => Array
        (
            [0] => 300
        )

    [bc5d322fe021e5] => 1
    [10992136831f5f] => Array
        (
            [0] => 303
        )

    [e88deea0e8cc3b] => Array
        (
            [0] => 303
        )

    [d2e369fe91368c] => Array
        (
            [0] => 310
        )

    [0e907ef6899893] => 1
    [1ed12541d06dcd] => 1
    [8144d9906890c0] => Array
        (
            [0] => 311
        )

    [30bf28cd9af39f] => 1
    [e8d4131977531b] => Array
        (
            [0] => 315
        )

    [8cf31b3d937ab1] => 1
    [80bfa0c23b28f5] => Array
        (
            [0] => 317
        )

    [f8f886e7f4dbeb] => 1
    [7ce04aa4515af0] => 1
    [c62afde0c84c5d] => 1
    [755f760cd021b0] => 1
    [a7586f87d5b3f0] => 1
    [emailId] => 0
    [deptId] => 0
    [message] => 
)
--------------------------------------------------------------------------------
2026-06-03 09:39:52
ERRORS: Array
(
    [0] => Array
        (
            [0] => SECTOR es un campo obligatorio
        )

    [1] => Array
        (
            [0] => GRUPO es un campo obligatorio
        )

    [2] => Array
        (
            [0] => NOMBRE DEL CURSO es un campo obligatorio
        )

    [3] => Array
        (
            [0] => Nº DE ALUMNOS MATRICULADOS es un campo obligatorio
        )

    [4] => Array
        (
            [0] => Nº DE ALUMNOS QUE FINALIZAN es un campo obligatorio
        )

    [5] => Array
        (
            [0] => TUTOR es un campo obligatorio
        )

    [6] => Array
        (
            [0] => PERSONAS DE APOYO es un campo obligatorio
        )

    [err] => No ha sido posible crear el ticket. Corrige los errores e inténtalo de nuevo.
)
VARS: Array
(
    [__CSRFToken__] => d6e8fd56ffbcaa86e2cff910b4c5aa6e9542474c
    [a] => open
    [35a1b250aaaa21] => alvaro.bernardo@grupoatu.com
    [7d44811d085202] => Álvaro Bernardo Diaz
    [topicId] => 14
    [1f8a5913107128] => 1
    [df13d5a171326c] => Array
        (
            [0] => 17
        )

    [d400511cc84e4e] => Array
        (
            [0] => 
        )

    [46f3de27f577c2] => 1
    [2013d40583ddfc] => 1
    [1d5925984eb537] => Array
        (
            [0] => 297
        )

    [15f7de96bde59a] => Array
        (
            [0] => 297
        )

    [962475faba3839] => Array
        (
            [0] => 297
        )

    [f1fc1ea2e5cfe0] => Array
        (
            [0] => 297
        )

    [7d887727076950] => Array
        (
            [0] => 297
        )

    [af712e8485aaa5] => 1
    [997a68d94e32ce] => Array
        (
            [0] => 297
        )

    [4aa58cde3fb12c] => Array
        (
            [0] => 297
        )

    [3936a3641ecde7] => Array
        (
            [0] => 297
        )

    [6467779fc46bab] => Array
        (
            [0] => 297
        )

    [bd263f3ce9a0fe] => Array
        (
            [0] => 297
        )

    [41515ebe89ea13] => Array
        (
            [0] => 297
        )

    [6dec87fc3d511e] => 1
    [05cd7b128f7923] => Array
        (
            [0] => 297
        )

    [28cf974f816430] => Array
        (
            [0] => 297
        )

    [e1f7dcdba2095d] => Array
        (
            [0] => 297
        )

    [bfb5c0ff7eb671] => Array
        (
            [0] => 297
        )

    [1d4e94c82d1fdf] => Array
        (
            [0] => 297
        )

    [4eef46bb12b6c8] => 1
    [1b04254dbe8c64] => Array
        (
            [0] => 302
        )

    [9893e90fab1088] => Array
        (
            [0] => 301
        )

    [abbba59c234126] => Array
        (
            [0] => 310
        )

    [369f20963d545b] => 1
    [48dc04f75545cf] => 1
    [0d136f13172111] => Array
        (
            [0] => 311
        )

    [a58f0dc1293da2] => 1
    [de687610e20170] => Array
        (
            [0] => 313
        )

    [2067aa53cdb7b8] => 1
    [416de86de45010] => Array
        (
            [0] => 317
        )

    [a0571769e47644] => 1
    [d415fe227e0239] => 1
    [a826055f712b58] => 1
    [e78816195a80f5] => 1
    [cd1ba92b9961f9] => 1
    [emailId] => 0
    [deptId] => 0
    [message] => 
)
--------------------------------------------------------------------------------
2026-06-03 09:45:35
ERRORS: Array
(
    [0] => Array
        (
            [0] => SECTOR es un campo obligatorio
        )

    [1] => Array
        (
            [0] => GRUPO es un campo obligatorio
        )

    [2] => Array
        (
            [0] => NOMBRE DEL CURSO es un campo obligatorio
        )

    [3] => Array
        (
            [0] => Nº DE ALUMNOS MATRICULADOS es un campo obligatorio
        )

    [4] => Array
        (
            [0] => Nº DE ALUMNOS QUE FINALIZAN es un campo obligatorio
        )

    [5] => Array
        (
            [0] => TUTOR es un campo obligatorio
        )

    [6] => Array
        (
            [0] => PERSONAS DE APOYO es un campo obligatorio
        )

    [err] => No ha sido posible crear el ticket. Corrige los errores e inténtalo de nuevo.
)
VARS: Array
(
    [__CSRFToken__] => d6e8fd56ffbcaa86e2cff910b4c5aa6e9542474c
    [a] => open
    [35a1b250aaaa21] => alvaro.bernardo@grupoatu.com
    [7d44811d085202] => Álvaro Bernardo Diaz
    [topicId] => 14
    [1f8a5913107128] => 1
    [df13d5a171326c] => Array
        (
            [0] => 17
        )

    [d400511cc84e4e] => Array
        (
            [0] => 
        )

    [46f3de27f577c2] => 1
    [2013d40583ddfc] => 1
    [1d5925984eb537] => Array
        (
            [0] => 297
        )

    [15f7de96bde59a] => Array
        (
            [0] => 297
        )

    [962475faba3839] => Array
        (
            [0] => 297
        )

    [f1fc1ea2e5cfe0] => Array
        (
            [0] => 297
        )

    [7d887727076950] => Array
        (
            [0] => 297
        )

    [af712e8485aaa5] => 1
    [997a68d94e32ce] => Array
        (
            [0] => 297
        )

    [4aa58cde3fb12c] => Array
        (
            [0] => 297
        )

    [3936a3641ecde7] => Array
        (
            [0] => 297
        )

    [6467779fc46bab] => Array
        (
            [0] => 297
        )

    [bd263f3ce9a0fe] => Array
        (
            [0] => 297
        )

    [41515ebe89ea13] => Array
        (
            [0] => 297
        )

    [6dec87fc3d511e] => 1
    [05cd7b128f7923] => Array
        (
            [0] => 297
        )

    [28cf974f816430] => Array
        (
            [0] => 297
        )

    [e1f7dcdba2095d] => Array
        (
            [0] => 297
        )

    [bfb5c0ff7eb671] => Array
        (
            [0] => 297
        )

    [1d4e94c82d1fdf] => Array
        (
            [0] => 297
        )

    [4eef46bb12b6c8] => 1
    [1b04254dbe8c64] => Array
        (
            [0] => 302
        )

    [9893e90fab1088] => Array
        (
            [0] => 301
        )

    [abbba59c234126] => Array
        (
            [0] => 310
        )

    [369f20963d545b] => 1
    [48dc04f75545cf] => 1
    [0d136f13172111] => Array
        (
            [0] => 311
        )

    [a58f0dc1293da2] => 1
    [de687610e20170] => Array
        (
            [0] => 313
        )

    [2067aa53cdb7b8] => 1
    [416de86de45010] => Array
        (
            [0] => 317
        )

    [a0571769e47644] => 1
    [d415fe227e0239] => 1
    [a826055f712b58] => 1
    [e78816195a80f5] => 1
    [cd1ba92b9961f9] => 1
    [emailId] => 0
    [deptId] => 0
    [message] => 
)
--------------------------------------------------------------------------------
2026-06-03 09:45:44
ERRORS: Array
(
    [0] => Array
        (
            [0] => SECTOR es un campo obligatorio
        )

    [1] => Array
        (
            [0] => GRUPO es un campo obligatorio
        )

    [2] => Array
        (
            [0] => NOMBRE DEL CURSO es un campo obligatorio
        )

    [3] => Array
        (
            [0] => Nº DE ALUMNOS MATRICULADOS es un campo obligatorio
        )

    [4] => Array
        (
            [0] => Nº DE ALUMNOS QUE FINALIZAN es un campo obligatorio
        )

    [5] => Array
        (
            [0] => TUTOR es un campo obligatorio
        )

    [6] => Array
        (
            [0] => PERSONAS DE APOYO es un campo obligatorio
        )

    [err] => No ha sido posible crear el ticket. Corrige los errores e inténtalo de nuevo.
)
VARS: Array
(
    [__CSRFToken__] => d6e8fd56ffbcaa86e2cff910b4c5aa6e9542474c
    [a] => open
    [35a1b250aaaa21] => alvaro.bernardo@grupoatu.com
    [7d44811d085202] => Álvaro Bernardo Diaz
    [topicId] => 14
    [1f8a5913107128] => 1
    [df13d5a171326c] => Array
        (
            [0] => 17
        )

    [d400511cc84e4e] => Array
        (
            [0] => 
        )

    [46f3de27f577c2] => 1
    [2013d40583ddfc] => 1
    [1d5925984eb537] => Array
        (
            [0] => 297
        )

    [15f7de96bde59a] => Array
        (
            [0] => 297
        )

    [962475faba3839] => Array
        (
            [0] => 297
        )

    [f1fc1ea2e5cfe0] => Array
        (
            [0] => 297
        )

    [7d887727076950] => Array
        (
            [0] => 297
        )

    [af712e8485aaa5] => 1
    [997a68d94e32ce] => Array
        (
            [0] => 297
        )

    [4aa58cde3fb12c] => Array
        (
            [0] => 297
        )

    [3936a3641ecde7] => Array
        (
            [0] => 297
        )

    [6467779fc46bab] => Array
        (
            [0] => 297
        )

    [bd263f3ce9a0fe] => Array
        (
            [0] => 297
        )

    [41515ebe89ea13] => Array
        (
            [0] => 297
        )

    [6dec87fc3d511e] => 1
    [05cd7b128f7923] => Array
        (
            [0] => 297
        )

    [28cf974f816430] => Array
        (
            [0] => 297
        )

    [e1f7dcdba2095d] => Array
        (
            [0] => 297
        )

    [bfb5c0ff7eb671] => Array
        (
            [0] => 297
        )

    [1d4e94c82d1fdf] => Array
        (
            [0] => 297
        )

    [4eef46bb12b6c8] => 1
    [1b04254dbe8c64] => Array
        (
            [0] => 302
        )

    [9893e90fab1088] => Array
        (
            [0] => 301
        )

    [abbba59c234126] => Array
        (
            [0] => 310
        )

    [369f20963d545b] => 1
    [48dc04f75545cf] => 1
    [0d136f13172111] => Array
        (
            [0] => 311
        )

    [a58f0dc1293da2] => 1
    [de687610e20170] => Array
        (
            [0] => 313
        )

    [2067aa53cdb7b8] => 1
    [416de86de45010] => Array
        (
            [0] => 317
        )

    [a0571769e47644] => 1
    [d415fe227e0239] => 1
    [a826055f712b58] => 1
    [e78816195a80f5] => 1
    [cd1ba92b9961f9] => 1
    [emailId] => 0
    [deptId] => 0
    [message] => 
)
--------------------------------------------------------------------------------
2026-06-03 09:50:32
ERRORS: Array
(
    [0] => Array
        (
            [0] => SECTOR es un campo obligatorio
        )

    [1] => Array
        (
            [0] => GRUPO es un campo obligatorio
        )

    [2] => Array
        (
            [0] => NOMBRE DEL CURSO es un campo obligatorio
        )

    [3] => Array
        (
            [0] => Nº DE ALUMNOS MATRICULADOS es un campo obligatorio
        )

    [4] => Array
        (
            [0] => Nº DE ALUMNOS QUE FINALIZAN es un campo obligatorio
        )

    [5] => Array
        (
            [0] => TUTOR es un campo obligatorio
        )

    [6] => Array
        (
            [0] => PERSONAS DE APOYO es un campo obligatorio
        )

    [err] => No ha sido posible crear el ticket. Corrige los errores e inténtalo de nuevo.
)
VARS: Array
(
    [__CSRFToken__] => d6e8fd56ffbcaa86e2cff910b4c5aa6e9542474c
    [a] => open
    [35a1b250aaaa21] => alvaro.bernardo@grupoatu.com
    [7d44811d085202] => Álvaro Bernardo Diaz
    [topicId] => 14
    [1f8a5913107128] => 1
    [df13d5a171326c] => Array
        (
            [0] => 17
        )

    [d400511cc84e4e] => Array
        (
            [0] => 
        )

    [46f3de27f577c2] => 1
    [2013d40583ddfc] => 1
    [1d5925984eb537] => Array
        (
            [0] => 297
        )

    [15f7de96bde59a] => Array
        (
            [0] => 297
        )

    [962475faba3839] => Array
        (
            [0] => 297
        )

    [f1fc1ea2e5cfe0] => Array
        (
            [0] => 297
        )

    [7d887727076950] => Array
        (
            [0] => 297
        )

    [af712e8485aaa5] => 1
    [997a68d94e32ce] => Array
        (
            [0] => 297
        )

    [4aa58cde3fb12c] => Array
        (
            [0] => 297
        )

    [3936a3641ecde7] => Array
        (
            [0] => 297
        )

    [6467779fc46bab] => Array
        (
            [0] => 297
        )

    [bd263f3ce9a0fe] => Array
        (
            [0] => 297
        )

    [41515ebe89ea13] => Array
        (
            [0] => 297
        )

    [6dec87fc3d511e] => 1
    [05cd7b128f7923] => Array
        (
            [0] => 297
        )

    [28cf974f816430] => Array
        (
            [0] => 297
        )

    [e1f7dcdba2095d] => Array
        (
            [0] => 297
        )

    [bfb5c0ff7eb671] => Array
        (
            [0] => 297
        )

    [1d4e94c82d1fdf] => Array
        (
            [0] => 297
        )

    [4eef46bb12b6c8] => 1
    [1b04254dbe8c64] => Array
        (
            [0] => 302
        )

    [9893e90fab1088] => Array
        (
            [0] => 301
        )

    [abbba59c234126] => Array
        (
            [0] => 310
        )

    [369f20963d545b] => 1
    [48dc04f75545cf] => 1
    [0d136f13172111] => Array
        (
            [0] => 311
        )

    [a58f0dc1293da2] => 1
    [de687610e20170] => Array
        (
            [0] => 313
        )

    [2067aa53cdb7b8] => 1
    [416de86de45010] => Array
        (
            [0] => 317
        )

    [a0571769e47644] => 1
    [d415fe227e0239] => 1
    [a826055f712b58] => 1
    [e78816195a80f5] => 1
    [cd1ba92b9961f9] => 1
    [emailId] => 0
    [deptId] => 0
    [message] => 
)
--------------------------------------------------------------------------------
2026-06-03 09:50:38
ERRORS: Array
(
    [0] => Array
        (
            [0] => SECTOR es un campo obligatorio
        )

    [1] => Array
        (
            [0] => GRUPO es un campo obligatorio
        )

    [2] => Array
        (
            [0] => NOMBRE DEL CURSO es un campo obligatorio
        )

    [3] => Array
        (
            [0] => Nº DE ALUMNOS MATRICULADOS es un campo obligatorio
        )

    [4] => Array
        (
            [0] => Nº DE ALUMNOS QUE FINALIZAN es un campo obligatorio
        )

    [5] => Array
        (
            [0] => TUTOR es un campo obligatorio
        )

    [6] => Array
        (
            [0] => PERSONAS DE APOYO es un campo obligatorio
        )

    [err] => No ha sido posible crear el ticket. Corrige los errores e inténtalo de nuevo.
)
VARS: Array
(
    [__CSRFToken__] => d6e8fd56ffbcaa86e2cff910b4c5aa6e9542474c
    [a] => open
    [35a1b250aaaa21] => alvaro.bernardo@grupoatu.com
    [7d44811d085202] => Álvaro Bernardo Diaz
    [topicId] => 14
    [1f8a5913107128] => 1
    [df13d5a171326c] => Array
        (
            [0] => 17
        )

    [d400511cc84e4e] => Array
        (
            [0] => 
        )

    [46f3de27f577c2] => 1
    [2013d40583ddfc] => 1
    [1d5925984eb537] => Array
        (
            [0] => 297
        )

    [15f7de96bde59a] => Array
        (
            [0] => 297
        )

    [962475faba3839] => Array
        (
            [0] => 297
        )

    [f1fc1ea2e5cfe0] => Array
        (
            [0] => 297
        )

    [7d887727076950] => Array
        (
            [0] => 297
        )

    [af712e8485aaa5] => 1
    [997a68d94e32ce] => Array
        (
            [0] => 297
        )

    [4aa58cde3fb12c] => Array
        (
            [0] => 297
        )

    [3936a3641ecde7] => Array
        (
            [0] => 297
        )

    [6467779fc46bab] => Array
        (
            [0] => 297
        )

    [bd263f3ce9a0fe] => Array
        (
            [0] => 297
        )

    [41515ebe89ea13] => Array
        (
            [0] => 297
        )

    [6dec87fc3d511e] => 1
    [05cd7b128f7923] => Array
        (
            [0] => 297
        )

    [28cf974f816430] => Array
        (
            [0] => 297
        )

    [e1f7dcdba2095d] => Array
        (
            [0] => 297
        )

    [bfb5c0ff7eb671] => Array
        (
            [0] => 297
        )

    [1d4e94c82d1fdf] => Array
        (
            [0] => 297
        )

    [4eef46bb12b6c8] => 1
    [1b04254dbe8c64] => Array
        (
            [0] => 302
        )

    [9893e90fab1088] => Array
        (
            [0] => 301
        )

    [abbba59c234126] => Array
        (
            [0] => 310
        )

    [369f20963d545b] => 1
    [48dc04f75545cf] => 1
    [0d136f13172111] => Array
        (
            [0] => 311
        )

    [a58f0dc1293da2] => 1
    [de687610e20170] => Array
        (
            [0] => 313
        )

    [2067aa53cdb7b8] => 1
    [416de86de45010] => Array
        (
            [0] => 317
        )

    [a0571769e47644] => 1
    [d415fe227e0239] => 1
    [a826055f712b58] => 1
    [e78816195a80f5] => 1
    [cd1ba92b9961f9] => 1
    [emailId] => 0
    [deptId] => 0
    [message] => 
)
--------------------------------------------------------------------------------
2026-06-03 09:52:02
ERRORS: Array
(
    [0] => Array
        (
            [0] => SECTOR es un campo obligatorio
        )

    [1] => Array
        (
            [0] => GRUPO es un campo obligatorio
        )

    [2] => Array
        (
            [0] => NOMBRE DEL CURSO es un campo obligatorio
        )

    [3] => Array
        (
            [0] => Nº DE ALUMNOS MATRICULADOS es un campo obligatorio
        )

    [4] => Array
        (
            [0] => Nº DE ALUMNOS QUE FINALIZAN es un campo obligatorio
        )

    [5] => Array
        (
            [0] => TUTOR es un campo obligatorio
        )

    [6] => Array
        (
            [0] => PERSONAS DE APOYO es un campo obligatorio
        )

    [err] => No ha sido posible crear el ticket. Corrige los errores e inténtalo de nuevo.
)
VARS: Array
(
    [__CSRFToken__] => d6e8fd56ffbcaa86e2cff910b4c5aa6e9542474c
    [a] => open
    [35a1b250aaaa21] => alvaro.bernardo@grupoatu.com
    [7d44811d085202] => Álvaro Bernardo Diaz
    [topicId] => 14
    [1f8a5913107128] => 1
    [df13d5a171326c] => Array
        (
            [0] => 17
        )

    [d400511cc84e4e] => Array
        (
            [0] => 
        )

    [46f3de27f577c2] => 1
    [2013d40583ddfc] => 1
    [1d5925984eb537] => Array
        (
            [0] => 297
        )

    [15f7de96bde59a] => Array
        (
            [0] => 297
        )

    [962475faba3839] => Array
        (
            [0] => 297
        )

    [f1fc1ea2e5cfe0] => Array
        (
            [0] => 297
        )

    [7d887727076950] => Array
        (
            [0] => 297
        )

    [af712e8485aaa5] => 1
    [997a68d94e32ce] => Array
        (
            [0] => 297
        )

    [4aa58cde3fb12c] => Array
        (
            [0] => 297
        )

    [3936a3641ecde7] => Array
        (
            [0] => 297
        )

    [6467779fc46bab] => Array
        (
            [0] => 297
        )

    [bd263f3ce9a0fe] => Array
        (
            [0] => 297
        )

    [41515ebe89ea13] => Array
        (
            [0] => 297
        )

    [6dec87fc3d511e] => 1
    [05cd7b128f7923] => Array
        (
            [0] => 297
        )

    [28cf974f816430] => Array
        (
            [0] => 297
        )

    [e1f7dcdba2095d] => Array
        (
            [0] => 297
        )

    [bfb5c0ff7eb671] => Array
        (
            [0] => 297
        )

    [1d4e94c82d1fdf] => Array
        (
            [0] => 297
        )

    [4eef46bb12b6c8] => 1
    [1b04254dbe8c64] => Array
        (
            [0] => 302
        )

    [9893e90fab1088] => Array
        (
            [0] => 301
        )

    [abbba59c234126] => Array
        (
            [0] => 310
        )

    [369f20963d545b] => 1
    [48dc04f75545cf] => 1
    [0d136f13172111] => Array
        (
            [0] => 311
        )

    [a58f0dc1293da2] => 1
    [de687610e20170] => Array
        (
            [0] => 313
        )

    [2067aa53cdb7b8] => 1
    [416de86de45010] => Array
        (
            [0] => 317
        )

    [a0571769e47644] => 1
    [d415fe227e0239] => 1
    [a826055f712b58] => 1
    [e78816195a80f5] => 1
    [cd1ba92b9961f9] => 1
    [emailId] => 0
    [deptId] => 0
    [message] => 
)
--------------------------------------------------------------------------------
2026-06-03 09:52:06
ERRORS: Array
(
    [0] => Array
        (
            [0] => SECTOR es un campo obligatorio
        )

    [1] => Array
        (
            [0] => GRUPO es un campo obligatorio
        )

    [2] => Array
        (
            [0] => NOMBRE DEL CURSO es un campo obligatorio
        )

    [3] => Array
        (
            [0] => Nº DE ALUMNOS MATRICULADOS es un campo obligatorio
        )

    [4] => Array
        (
            [0] => Nº DE ALUMNOS QUE FINALIZAN es un campo obligatorio
        )

    [5] => Array
        (
            [0] => TUTOR es un campo obligatorio
        )

    [6] => Array
        (
            [0] => PERSONAS DE APOYO es un campo obligatorio
        )

    [err] => No ha sido posible crear el ticket. Corrige los errores e inténtalo de nuevo.
)
VARS: Array
(
    [__CSRFToken__] => d6e8fd56ffbcaa86e2cff910b4c5aa6e9542474c
    [a] => open
    [35a1b250aaaa21] => alvaro.bernardo@grupoatu.com
    [7d44811d085202] => Álvaro Bernardo Diaz
    [topicId] => 14
    [1f8a5913107128] => 1
    [df13d5a171326c] => Array
        (
            [0] => 17
        )

    [d400511cc84e4e] => Array
        (
            [0] => 
        )

    [46f3de27f577c2] => 1
    [2013d40583ddfc] => 1
    [1d5925984eb537] => Array
        (
            [0] => 297
        )

    [15f7de96bde59a] => Array
        (
            [0] => 297
        )

    [962475faba3839] => Array
        (
            [0] => 297
        )

    [f1fc1ea2e5cfe0] => Array
        (
            [0] => 297
        )

    [7d887727076950] => Array
        (
            [0] => 297
        )

    [af712e8485aaa5] => 1
    [997a68d94e32ce] => Array
        (
            [0] => 297
        )

    [4aa58cde3fb12c] => Array
        (
            [0] => 297
        )

    [3936a3641ecde7] => Array
        (
            [0] => 297
        )

    [6467779fc46bab] => Array
        (
            [0] => 297
        )

    [bd263f3ce9a0fe] => Array
        (
            [0] => 297
        )

    [41515ebe89ea13] => Array
        (
            [0] => 297
        )

    [6dec87fc3d511e] => 1
    [05cd7b128f7923] => Array
        (
            [0] => 297
        )

    [28cf974f816430] => Array
        (
            [0] => 297
        )

    [e1f7dcdba2095d] => Array
        (
            [0] => 297
        )

    [bfb5c0ff7eb671] => Array
        (
            [0] => 297
        )

    [1d4e94c82d1fdf] => Array
        (
            [0] => 297
        )

    [4eef46bb12b6c8] => 1
    [1b04254dbe8c64] => Array
        (
            [0] => 302
        )

    [9893e90fab1088] => Array
        (
            [0] => 301
        )

    [abbba59c234126] => Array
        (
            [0] => 310
        )

    [369f20963d545b] => 1
    [48dc04f75545cf] => 1
    [0d136f13172111] => Array
        (
            [0] => 311
        )

    [a58f0dc1293da2] => 1
    [de687610e20170] => Array
        (
            [0] => 313
        )

    [2067aa53cdb7b8] => 1
    [416de86de45010] => Array
        (
            [0] => 317
        )

    [a0571769e47644] => 1
    [d415fe227e0239] => 1
    [a826055f712b58] => 1
    [e78816195a80f5] => 1
    [cd1ba92b9961f9] => 1
    [emailId] => 0
    [deptId] => 0
    [message] => 
)
--------------------------------------------------------------------------------
2026-06-03 10:30:24
ERRORS: Array
(
    [0] => Array
        (
            [0] => GRUPO es un campo obligatorio
        )

    [1] => Array
        (
            [0] => NOMBRE DEL CURSO es un campo obligatorio
        )

    [2] => Array
        (
            [0] => Nº DE ALUMNOS MATRICULADOS es un campo obligatorio
        )

    [3] => Array
        (
            [0] => Nº DE ALUMNOS QUE FINALIZAN es un campo obligatorio
        )

    [4] => Array
        (
            [0] => TUTOR es un campo obligatorio
        )

    [5] => Array
        (
            [0] => PERSONAS DE APOYO es un campo obligatorio
        )

    [err] => No ha sido posible crear el ticket. Corrige los errores e inténtalo de nuevo.
)
VARS: Array
(
    [__CSRFToken__] => b33d1b5053803fd3815a04a9339070a02b8a1b59
    [a] => open
    [f552c654ea1fd8] => damian.cabezas@grupoatu.com
    [9694849e4d2c2b] => Damian
    [topicId] => 14
    [b05bac763bd65e] => src
    [bebbd2aaab9ecf] => Array
        (
            [0] => 19
        )

    [768cf2501c911d] => Array
        (
            [0] => 6
        )

    [725c258b0afdf7] => css
    [1565085ff23b0e] => scfxcf
    [2f4ad1ecf39657] => Array
        (
            [0] => 297
        )

    [525f13ae835ca8] => Array
        (
            [0] => 298
        )

    [3a5c8c107f080e] => Array
        (
            [0] => 297
        )

    [183a26eb44e735] => Array
        (
            [0] => 296
        )

    [bdad9024476791] => Array
        (
            [0] => 296
        )

    [b6f63c0096b793] => cddsds
    [0aaf4221dcd4ce] => Array
        (
            [0] => 297
        )

    [be33e54852482e] => Array
        (
            [0] => 296
        )

    [082380cf6080d9] => Array
        (
            [0] => 297
        )

    [4f0d098e69afa3] => Array
        (
            [0] => 297
        )

    [3e53807ef767eb] => Array
        (
            [0] => 297
        )

    [be127c78be5c39] => Array
        (
            [0] => 296
        )

    [ab5461b4954b73] => cdcxd
    [2a5752b7c8aaef] => Array
        (
            [0] => 297
        )

    [a7e91bb8914bb9] => Array
        (
            [0] => 298
        )

    [61266c239d6050] => Array
        (
            [0] => 298
        )

    [34e64419246114] => Array
        (
            [0] => 299
        )

    [1af7664f9373de] => Array
        (
            [0] => 296
        )

    [486cf83a62692a] => cddsdsdd
    [601178bd626efa] => Array
        (
            [0] => 302
        )

    [e6094d3c81f874] => Array
        (
            [0] => 302
        )

    [553f61196712f4] => Array
        (
            [0] => 308
        )

    [53afa337cf757a] =>  
    [55ff310dfbf1c1] => cfscfxc
    [5aecedefeb5f2d] => Array
        (
            [0] => 312
        )

    [ead91a21293466] =>  
    [3b1281886383a2] => Array
        (
            [0] => 313
        )

    [144c81b642aad2] => cdscfws
    [4b537472ac9677] => Array
        (
            [0] => 318
        )

    [72e8a6ed7c87cb] => ssscfcdf
    [f9922a67978480] => scdfsdf
    [a1e5950349b9dd] => xcfxc
    [e71ae98cbb6570] => xcxcfxcfxc
    [e1ef84722fa22a] => xcfxcf
    [emailId] => 0
    [deptId] => 0
    [message] => 
)
--------------------------------------------------------------------------------
2026-06-03 10:32:03
ERRORS: Array
(
    [0] => Array
        (
            [0] => GRUPO es un campo obligatorio
        )

    [1] => Array
        (
            [0] => NOMBRE DEL CURSO es un campo obligatorio
        )

    [2] => Array
        (
            [0] => Nº DE ALUMNOS MATRICULADOS es un campo obligatorio
        )

    [3] => Array
        (
            [0] => Nº DE ALUMNOS QUE FINALIZAN es un campo obligatorio
        )

    [4] => Array
        (
            [0] => TUTOR es un campo obligatorio
        )

    [5] => Array
        (
            [0] => PERSONAS DE APOYO es un campo obligatorio
        )

    [err] => No ha sido posible crear el ticket. Corrige los errores e inténtalo de nuevo.
)
VARS: Array
(
    [__CSRFToken__] => b33d1b5053803fd3815a04a9339070a02b8a1b59
    [a] => open
    [f552c654ea1fd8] => damian.cabezas@grupoatu.com
    [9694849e4d2c2b] => Damian
    [topicId] => 14
    [b05bac763bd65e] => src
    [bebbd2aaab9ecf] => Array
        (
            [0] => 19
        )

    [768cf2501c911d] => Array
        (
            [0] => 6
        )

    [725c258b0afdf7] => css
    [1565085ff23b0e] => scfxcf
    [2f4ad1ecf39657] => Array
        (
            [0] => 297
        )

    [525f13ae835ca8] => Array
        (
            [0] => 298
        )

    [3a5c8c107f080e] => Array
        (
            [0] => 297
        )

    [183a26eb44e735] => Array
        (
            [0] => 296
        )

    [bdad9024476791] => Array
        (
            [0] => 296
        )

    [b6f63c0096b793] => cddsds
    [0aaf4221dcd4ce] => Array
        (
            [0] => 297
        )

    [be33e54852482e] => Array
        (
            [0] => 296
        )

    [082380cf6080d9] => Array
        (
            [0] => 297
        )

    [4f0d098e69afa3] => Array
        (
            [0] => 297
        )

    [3e53807ef767eb] => Array
        (
            [0] => 297
        )

    [be127c78be5c39] => Array
        (
            [0] => 296
        )

    [ab5461b4954b73] => cdcxd
    [2a5752b7c8aaef] => Array
        (
            [0] => 297
        )

    [a7e91bb8914bb9] => Array
        (
            [0] => 298
        )

    [61266c239d6050] => Array
        (
            [0] => 298
        )

    [34e64419246114] => Array
        (
            [0] => 299
        )

    [1af7664f9373de] => Array
        (
            [0] => 296
        )

    [486cf83a62692a] => cddsdsdd
    [601178bd626efa] => Array
        (
            [0] => 302
        )

    [e6094d3c81f874] => Array
        (
            [0] => 302
        )

    [553f61196712f4] => Array
        (
            [0] => 308
        )

    [53afa337cf757a] =>  
    [55ff310dfbf1c1] => cfscfxc
    [5aecedefeb5f2d] => Array
        (
            [0] => 312
        )

    [ead91a21293466] =>  
    [3b1281886383a2] => Array
        (
            [0] => 313
        )

    [144c81b642aad2] => cdscfws
    [4b537472ac9677] => Array
        (
            [0] => 318
        )

    [72e8a6ed7c87cb] => ssscfcdf
    [f9922a67978480] => scdfsdf
    [a1e5950349b9dd] => xcfxc
    [e71ae98cbb6570] => xcxcfxcfxc
    [e1ef84722fa22a] => xcfxcf
    [emailId] => 0
    [deptId] => 0
    [message] => 
)
--------------------------------------------------------------------------------
2026-06-03 10:32:03
ERRORS: Array
(
    [0] => Array
        (
            [0] => GRUPO es un campo obligatorio
        )

    [1] => Array
        (
            [0] => NOMBRE DEL CURSO es un campo obligatorio
        )

    [2] => Array
        (
            [0] => Nº DE ALUMNOS MATRICULADOS es un campo obligatorio
        )

    [3] => Array
        (
            [0] => Nº DE ALUMNOS QUE FINALIZAN es un campo obligatorio
        )

    [4] => Array
        (
            [0] => TUTOR es un campo obligatorio
        )

    [5] => Array
        (
            [0] => PERSONAS DE APOYO es un campo obligatorio
        )

    [err] => No ha sido posible crear el ticket. Corrige los errores e inténtalo de nuevo.
)
VARS: Array
(
    [__CSRFToken__] => b33d1b5053803fd3815a04a9339070a02b8a1b59
    [a] => open
    [f552c654ea1fd8] => damian.cabezas@grupoatu.com
    [9694849e4d2c2b] => Damian
    [topicId] => 14
    [b05bac763bd65e] => src
    [bebbd2aaab9ecf] => Array
        (
            [0] => 19
        )

    [768cf2501c911d] => Array
        (
            [0] => 6
        )

    [725c258b0afdf7] => css
    [1565085ff23b0e] => scfxcf
    [2f4ad1ecf39657] => Array
        (
            [0] => 297
        )

    [525f13ae835ca8] => Array
        (
            [0] => 298
        )

    [3a5c8c107f080e] => Array
        (
            [0] => 297
        )

    [183a26eb44e735] => Array
        (
            [0] => 296
        )

    [bdad9024476791] => Array
        (
            [0] => 296
        )

    [b6f63c0096b793] => cddsds
    [0aaf4221dcd4ce] => Array
        (
            [0] => 297
        )

    [be33e54852482e] => Array
        (
            [0] => 296
        )

    [082380cf6080d9] => Array
        (
            [0] => 297
        )

    [4f0d098e69afa3] => Array
        (
            [0] => 297
        )

    [3e53807ef767eb] => Array
        (
            [0] => 297
        )

    [be127c78be5c39] => Array
        (
            [0] => 296
        )

    [ab5461b4954b73] => cdcxd
    [2a5752b7c8aaef] => Array
        (
            [0] => 297
        )

    [a7e91bb8914bb9] => Array
        (
            [0] => 298
        )

    [61266c239d6050] => Array
        (
            [0] => 298
        )

    [34e64419246114] => Array
        (
            [0] => 299
        )

    [1af7664f9373de] => Array
        (
            [0] => 296
        )

    [486cf83a62692a] => cddsdsdd
    [601178bd626efa] => Array
        (
            [0] => 302
        )

    [e6094d3c81f874] => Array
        (
            [0] => 302
        )

    [553f61196712f4] => Array
        (
            [0] => 308
        )

    [53afa337cf757a] =>  
    [55ff310dfbf1c1] => cfscfxc
    [5aecedefeb5f2d] => Array
        (
            [0] => 312
        )

    [ead91a21293466] =>  
    [3b1281886383a2] => Array
        (
            [0] => 313
        )

    [144c81b642aad2] => cdscfws
    [4b537472ac9677] => Array
        (
            [0] => 318
        )

    [72e8a6ed7c87cb] => ssscfcdf
    [f9922a67978480] => scdfsdf
    [a1e5950349b9dd] => xcfxc
    [e71ae98cbb6570] => xcxcfxcfxc
    [e1ef84722fa22a] => xcfxcf
    [emailId] => 0
    [deptId] => 0
    [message] => 
)
--------------------------------------------------------------------------------
2026-06-03 10:32:55
ERRORS: Array
(
    [0] => Array
        (
            [0] => GRUPO es un campo obligatorio
        )

    [1] => Array
        (
            [0] => NOMBRE DEL CURSO es un campo obligatorio
        )

    [2] => Array
        (
            [0] => Nº DE ALUMNOS MATRICULADOS es un campo obligatorio
        )

    [3] => Array
        (
            [0] => Nº DE ALUMNOS QUE FINALIZAN es un campo obligatorio
        )

    [4] => Array
        (
            [0] => TUTOR es un campo obligatorio
        )

    [5] => Array
        (
            [0] => PERSONAS DE APOYO es un campo obligatorio
        )

    [err] => No ha sido posible crear el ticket. Corrige los errores e inténtalo de nuevo.
)
VARS: Array
(
    [__CSRFToken__] => b33d1b5053803fd3815a04a9339070a02b8a1b59
    [a] => open
    [f552c654ea1fd8] => damian.cabezas@grupoatu.com
    [9694849e4d2c2b] => Damian
    [topicId] => 14
    [b05bac763bd65e] => src
    [bebbd2aaab9ecf] => Array
        (
            [0] => 19
        )

    [768cf2501c911d] => Array
        (
            [0] => 6
        )

    [725c258b0afdf7] => css
    [1565085ff23b0e] => scfxcf
    [2f4ad1ecf39657] => Array
        (
            [0] => 297
        )

    [525f13ae835ca8] => Array
        (
            [0] => 298
        )

    [3a5c8c107f080e] => Array
        (
            [0] => 297
        )

    [183a26eb44e735] => Array
        (
            [0] => 296
        )

    [bdad9024476791] => Array
        (
            [0] => 296
        )

    [b6f63c0096b793] => cddsds
    [0aaf4221dcd4ce] => Array
        (
            [0] => 297
        )

    [be33e54852482e] => Array
        (
            [0] => 296
        )

    [082380cf6080d9] => Array
        (
            [0] => 297
        )

    [4f0d098e69afa3] => Array
        (
            [0] => 297
        )

    [3e53807ef767eb] => Array
        (
            [0] => 297
        )

    [be127c78be5c39] => Array
        (
            [0] => 296
        )

    [ab5461b4954b73] => cdcxd
    [2a5752b7c8aaef] => Array
        (
            [0] => 297
        )

    [a7e91bb8914bb9] => Array
        (
            [0] => 298
        )

    [61266c239d6050] => Array
        (
            [0] => 298
        )

    [34e64419246114] => Array
        (
            [0] => 299
        )

    [1af7664f9373de] => Array
        (
            [0] => 296
        )

    [486cf83a62692a] => cddsdsdd
    [601178bd626efa] => Array
        (
            [0] => 302
        )

    [e6094d3c81f874] => Array
        (
            [0] => 302
        )

    [553f61196712f4] => Array
        (
            [0] => 308
        )

    [53afa337cf757a] =>  
    [55ff310dfbf1c1] => cfscfxc
    [5aecedefeb5f2d] => Array
        (
            [0] => 312
        )

    [ead91a21293466] =>  
    [3b1281886383a2] => Array
        (
            [0] => 313
        )

    [144c81b642aad2] => cdscfws
    [4b537472ac9677] => Array
        (
            [0] => 318
        )

    [72e8a6ed7c87cb] => ssscfcdf
    [f9922a67978480] => scdfsdf
    [a1e5950349b9dd] => xcfxc
    [e71ae98cbb6570] => xcxcfxcfxc
    [e1ef84722fa22a] => xcfxcf
    [emailId] => 0
    [deptId] => 0
    [message] => 
)
--------------------------------------------------------------------------------
2026-06-03 10:33:06
ERRORS: Array
(
    [0] => Array
        (
            [0] => GRUPO es un campo obligatorio
        )

    [1] => Array
        (
            [0] => NOMBRE DEL CURSO es un campo obligatorio
        )

    [2] => Array
        (
            [0] => Nº DE ALUMNOS MATRICULADOS es un campo obligatorio
        )

    [3] => Array
        (
            [0] => Nº DE ALUMNOS QUE FINALIZAN es un campo obligatorio
        )

    [4] => Array
        (
            [0] => TUTOR es un campo obligatorio
        )

    [5] => Array
        (
            [0] => PERSONAS DE APOYO es un campo obligatorio
        )

    [err] => No ha sido posible crear el ticket. Corrige los errores e inténtalo de nuevo.
)
VARS: Array
(
    [__CSRFToken__] => b33d1b5053803fd3815a04a9339070a02b8a1b59
    [a] => open
    [f552c654ea1fd8] => damian.cabezas@grupoatu.com
    [9694849e4d2c2b] => Damian
    [topicId] => 14
    [b05bac763bd65e] => src
    [bebbd2aaab9ecf] => Array
        (
            [0] => 19
        )

    [768cf2501c911d] => Array
        (
            [0] => 6
        )

    [725c258b0afdf7] => css
    [1565085ff23b0e] => scfxcf
    [2f4ad1ecf39657] => Array
        (
            [0] => 297
        )

    [525f13ae835ca8] => Array
        (
            [0] => 298
        )

    [3a5c8c107f080e] => Array
        (
            [0] => 297
        )

    [183a26eb44e735] => Array
        (
            [0] => 296
        )

    [bdad9024476791] => Array
        (
            [0] => 296
        )

    [b6f63c0096b793] => cddsds
    [0aaf4221dcd4ce] => Array
        (
            [0] => 297
        )

    [be33e54852482e] => Array
        (
            [0] => 296
        )

    [082380cf6080d9] => Array
        (
            [0] => 297
        )

    [4f0d098e69afa3] => Array
        (
            [0] => 297
        )

    [3e53807ef767eb] => Array
        (
            [0] => 297
        )

    [be127c78be5c39] => Array
        (
            [0] => 296
        )

    [ab5461b4954b73] => cdcxd
    [2a5752b7c8aaef] => Array
        (
            [0] => 297
        )

    [a7e91bb8914bb9] => Array
        (
            [0] => 298
        )

    [61266c239d6050] => Array
        (
            [0] => 298
        )

    [34e64419246114] => Array
        (
            [0] => 299
        )

    [1af7664f9373de] => Array
        (
            [0] => 296
        )

    [486cf83a62692a] => cddsdsdd
    [601178bd626efa] => Array
        (
            [0] => 302
        )

    [e6094d3c81f874] => Array
        (
            [0] => 302
        )

    [553f61196712f4] => Array
        (
            [0] => 308
        )

    [53afa337cf757a] =>  
    [55ff310dfbf1c1] => cfscfxc
    [5aecedefeb5f2d] => Array
        (
            [0] => 312
        )

    [ead91a21293466] =>  
    [3b1281886383a2] => Array
        (
            [0] => 313
        )

    [144c81b642aad2] => cdscfws
    [4b537472ac9677] => Array
        (
            [0] => 318
        )

    [72e8a6ed7c87cb] => ssscfcdf
    [f9922a67978480] => scdfsdf
    [a1e5950349b9dd] => xcfxc
    [e71ae98cbb6570] => xcxcfxcfxc
    [e1ef84722fa22a] => xcfxcf
    [emailId] => 0
    [deptId] => 0
    [message] => 
)
--------------------------------------------------------------------------------
2026-06-03 10:38:47
ERRORS: Array
(
    [0] => Array
        (
            [0] => GRUPO es un campo obligatorio
        )

    [1] => Array
        (
            [0] => NOMBRE DEL CURSO es un campo obligatorio
        )

    [2] => Array
        (
            [0] => Nº DE ALUMNOS MATRICULADOS es un campo obligatorio
        )

    [3] => Array
        (
            [0] => Nº DE ALUMNOS QUE FINALIZAN es un campo obligatorio
        )

    [4] => Array
        (
            [0] => TUTOR es un campo obligatorio
        )

    [5] => Array
        (
            [0] => PERSONAS DE APOYO es un campo obligatorio
        )

    [err] => No ha sido posible crear el ticket. Corrige los errores e inténtalo de nuevo.
)
VARS: Array
(
    [__CSRFToken__] => b33d1b5053803fd3815a04a9339070a02b8a1b59
    [a] => open
    [f552c654ea1fd8] => damian.cabezas@grupoatu.com
    [9694849e4d2c2b] => Damian
    [topicId] => 14
    [b05bac763bd65e] => src
    [bebbd2aaab9ecf] => Array
        (
            [0] => 19
        )

    [768cf2501c911d] => Array
        (
            [0] => 6
        )

    [725c258b0afdf7] => css
    [1565085ff23b0e] => scfxcf
    [2f4ad1ecf39657] => Array
        (
            [0] => 297
        )

    [525f13ae835ca8] => Array
        (
            [0] => 298
        )

    [3a5c8c107f080e] => Array
        (
            [0] => 297
        )

    [183a26eb44e735] => Array
        (
            [0] => 296
        )

    [bdad9024476791] => Array
        (
            [0] => 296
        )

    [b6f63c0096b793] => cddsds
    [0aaf4221dcd4ce] => Array
        (
            [0] => 297
        )

    [be33e54852482e] => Array
        (
            [0] => 296
        )

    [082380cf6080d9] => Array
        (
            [0] => 297
        )

    [4f0d098e69afa3] => Array
        (
            [0] => 297
        )

    [3e53807ef767eb] => Array
        (
            [0] => 297
        )

    [be127c78be5c39] => Array
        (
            [0] => 296
        )

    [ab5461b4954b73] => cdcxd
    [2a5752b7c8aaef] => Array
        (
            [0] => 297
        )

    [a7e91bb8914bb9] => Array
        (
            [0] => 298
        )

    [61266c239d6050] => Array
        (
            [0] => 298
        )

    [34e64419246114] => Array
        (
            [0] => 299
        )

    [1af7664f9373de] => Array
        (
            [0] => 296
        )

    [486cf83a62692a] => cddsdsdd
    [601178bd626efa] => Array
        (
            [0] => 302
        )

    [e6094d3c81f874] => Array
        (
            [0] => 302
        )

    [553f61196712f4] => Array
        (
            [0] => 308
        )

    [53afa337cf757a] =>  
    [55ff310dfbf1c1] => cfscfxc
    [5aecedefeb5f2d] => Array
        (
            [0] => 312
        )

    [ead91a21293466] =>  
    [3b1281886383a2] => Array
        (
            [0] => 313
        )

    [144c81b642aad2] => cdscfws
    [4b537472ac9677] => Array
        (
            [0] => 318
        )

    [72e8a6ed7c87cb] => ssscfcdf
    [f9922a67978480] => scdfsdf
    [a1e5950349b9dd] => xcfxc
    [e71ae98cbb6570] => xcxcfxcfxc
    [e1ef84722fa22a] => xcfxcf
    [emailId] => 0
    [deptId] => 0
    [message] => 
)
--------------------------------------------------------------------------------
