[05-Jun-2026 09:16:25 Europe/Madrid] PHP Fatal error:  Uncaught mysqli_sql_exception: Unknown column 'cd.ndealumnos' in 'SELECT' in /var/www/vhosts/incidencias.grupoatu.com/httpdocs/osticket/estadisticas_coordinadores.php:433
Stack trace:
#0 /var/www/vhosts/incidencias.grupoatu.com/httpdocs/osticket/estadisticas_coordinadores.php(433): mysqli->query()
#1 /var/www/vhosts/incidencias.grupoatu.com/httpdocs/osticket/estadisticas_coordinadores.php(510): coord_kpis()
#2 {main}
  thrown in /var/www/vhosts/incidencias.grupoatu.com/httpdocs/osticket/estadisticas_coordinadores.php on line 433
[05-Jun-2026 09:17:20 Europe/Madrid] PHP Fatal error:  Uncaught mysqli_sql_exception: Unknown column 'cd.ndealumnos' in 'SELECT' in /var/www/vhosts/incidencias.grupoatu.com/httpdocs/osticket/estadisticas_coordinadores.php:435
Stack trace:
#0 /var/www/vhosts/incidencias.grupoatu.com/httpdocs/osticket/estadisticas_coordinadores.php(435): mysqli->query()
#1 /var/www/vhosts/incidencias.grupoatu.com/httpdocs/osticket/estadisticas_coordinadores.php(512): coord_kpis()
#2 {main}
  thrown in /var/www/vhosts/incidencias.grupoatu.com/httpdocs/osticket/estadisticas_coordinadores.php on line 435
[05-Jun-2026 09:17:32 Europe/Madrid] PHP Fatal error:  Uncaught mysqli_sql_exception: Unknown column 'cd.ndealumnos' in 'SELECT' in /var/www/vhosts/incidencias.grupoatu.com/httpdocs/osticket/estadisticas_coordinadores.php:435
Stack trace:
#0 /var/www/vhosts/incidencias.grupoatu.com/httpdocs/osticket/estadisticas_coordinadores.php(435): mysqli->query()
#1 /var/www/vhosts/incidencias.grupoatu.com/httpdocs/osticket/estadisticas_coordinadores.php(512): coord_kpis()
#2 {main}
  thrown in /var/www/vhosts/incidencias.grupoatu.com/httpdocs/osticket/estadisticas_coordinadores.php on line 435
[05-Jun-2026 09:17:41 Europe/Madrid] PHP Fatal error:  Uncaught mysqli_sql_exception: Unknown column 'cd.ndealumnos' in 'SELECT' in /var/www/vhosts/incidencias.grupoatu.com/httpdocs/osticket/estadisticas_coordinadores.php:435
Stack trace:
#0 /var/www/vhosts/incidencias.grupoatu.com/httpdocs/osticket/estadisticas_coordinadores.php(435): mysqli->query()
#1 /var/www/vhosts/incidencias.grupoatu.com/httpdocs/osticket/estadisticas_coordinadores.php(512): coord_kpis()
#2 {main}
  thrown in /var/www/vhosts/incidencias.grupoatu.com/httpdocs/osticket/estadisticas_coordinadores.php on line 435
[05-Jun-2026 09:19:34 Europe/Madrid] PHP Fatal error:  Uncaught mysqli_sql_exception: Unknown column 'cd.ndealumnos' in 'SELECT' in /var/www/vhosts/incidencias.grupoatu.com/httpdocs/osticket/estadisticas_coordinadores.php:434
Stack trace:
#0 /var/www/vhosts/incidencias.grupoatu.com/httpdocs/osticket/estadisticas_coordinadores.php(434): mysqli->query()
#1 /var/www/vhosts/incidencias.grupoatu.com/httpdocs/osticket/estadisticas_coordinadores.php(511): coord_kpis()
#2 {main}
  thrown in /var/www/vhosts/incidencias.grupoatu.com/httpdocs/osticket/estadisticas_coordinadores.php on line 434
[05-Jun-2026 09:19:52 Europe/Madrid] PHP Fatal error:  Uncaught mysqli_sql_exception: Unknown column 'cd.ndealumnos' in 'SELECT' in /var/www/vhosts/incidencias.grupoatu.com/httpdocs/osticket/estadisticas_coordinadores.php:434
Stack trace:
#0 /var/www/vhosts/incidencias.grupoatu.com/httpdocs/osticket/estadisticas_coordinadores.php(434): mysqli->query()
#1 /var/www/vhosts/incidencias.grupoatu.com/httpdocs/osticket/estadisticas_coordinadores.php(511): coord_kpis()
#2 {main}
  thrown in /var/www/vhosts/incidencias.grupoatu.com/httpdocs/osticket/estadisticas_coordinadores.php on line 434
[05-Jun-2026 09:19:52 Europe/Madrid] PHP Fatal error:  Uncaught mysqli_sql_exception: Unknown column 'cd.ndealumnos' in 'SELECT' in /var/www/vhosts/incidencias.grupoatu.com/httpdocs/osticket/estadisticas_coordinadores.php:434
Stack trace:
#0 /var/www/vhosts/incidencias.grupoatu.com/httpdocs/osticket/estadisticas_coordinadores.php(434): mysqli->query()
#1 /var/www/vhosts/incidencias.grupoatu.com/httpdocs/osticket/estadisticas_coordinadores.php(511): coord_kpis()
#2 {main}
  thrown in /var/www/vhosts/incidencias.grupoatu.com/httpdocs/osticket/estadisticas_coordinadores.php on line 434
[05-Jun-2026 09:21:35 Europe/Madrid] PHP Fatal error:  Uncaught mysqli_sql_exception: Unknown column 'cd.ndealumnos' in 'SELECT' in /var/www/vhosts/incidencias.grupoatu.com/httpdocs/osticket/estadisticas_coordinadores.php:437
Stack trace:
#0 /var/www/vhosts/incidencias.grupoatu.com/httpdocs/osticket/estadisticas_coordinadores.php(437): mysqli->query()
#1 /var/www/vhosts/incidencias.grupoatu.com/httpdocs/osticket/estadisticas_coordinadores.php(514): coord_kpis()
#2 {main}
  thrown in /var/www/vhosts/incidencias.grupoatu.com/httpdocs/osticket/estadisticas_coordinadores.php on line 437
[05-Jun-2026 09:21:36 Europe/Madrid] PHP Fatal error:  Uncaught mysqli_sql_exception: Unknown column 'cd.ndealumnos' in 'SELECT' in /var/www/vhosts/incidencias.grupoatu.com/httpdocs/osticket/estadisticas_coordinadores.php:437
Stack trace:
#0 /var/www/vhosts/incidencias.grupoatu.com/httpdocs/osticket/estadisticas_coordinadores.php(437): mysqli->query()
#1 /var/www/vhosts/incidencias.grupoatu.com/httpdocs/osticket/estadisticas_coordinadores.php(514): coord_kpis()
#2 {main}
  thrown in /var/www/vhosts/incidencias.grupoatu.com/httpdocs/osticket/estadisticas_coordinadores.php on line 437
[05-Jun-2026 09:21:42 Europe/Madrid] PHP Fatal error:  Uncaught mysqli_sql_exception: Unknown column 'cd.ndealumnos' in 'SELECT' in /var/www/vhosts/incidencias.grupoatu.com/httpdocs/osticket/estadisticas_coordinadores.php:437
Stack trace:
#0 /var/www/vhosts/incidencias.grupoatu.com/httpdocs/osticket/estadisticas_coordinadores.php(437): mysqli->query()
#1 /var/www/vhosts/incidencias.grupoatu.com/httpdocs/osticket/estadisticas_coordinadores.php(514): coord_kpis()
#2 {main}
  thrown in /var/www/vhosts/incidencias.grupoatu.com/httpdocs/osticket/estadisticas_coordinadores.php on line 437
[05-Jun-2026 09:23:48 Europe/Madrid] PHP Fatal error:  Uncaught mysqli_sql_exception: Unknown column 'cd.ndealumnos' in 'SELECT' in /var/www/vhosts/incidencias.grupoatu.com/httpdocs/osticket/estadisticas_coordinadores.php:436
Stack trace:
#0 /var/www/vhosts/incidencias.grupoatu.com/httpdocs/osticket/estadisticas_coordinadores.php(436): mysqli->query()
#1 /var/www/vhosts/incidencias.grupoatu.com/httpdocs/osticket/estadisticas_coordinadores.php(513): coord_kpis()
#2 {main}
  thrown in /var/www/vhosts/incidencias.grupoatu.com/httpdocs/osticket/estadisticas_coordinadores.php on line 436
[05-Jun-2026 09:27:18 Europe/Madrid] PHP Fatal error:  Uncaught mysqli_sql_exception: Unknown column 'cd.ndealumnos' in 'SELECT' in /var/www/vhosts/incidencias.grupoatu.com/httpdocs/osticket/estadisticas_coordinadores.php:432
Stack trace:
#0 /var/www/vhosts/incidencias.grupoatu.com/httpdocs/osticket/estadisticas_coordinadores.php(432): mysqli->query()
#1 /var/www/vhosts/incidencias.grupoatu.com/httpdocs/osticket/estadisticas_coordinadores.php(509): coord_kpis()
#2 {main}
  thrown in /var/www/vhosts/incidencias.grupoatu.com/httpdocs/osticket/estadisticas_coordinadores.php on line 432
