=== IMPORT 2026-05-07 15:09:07 ===
Archivo: Incidencias en curso (2)(Datos para gráfico).csv, Extensión: 'csv'
Leyendo CSV...
Encoding CSV: ISO-8859-1
Delimitador CSV: ','
CSV filas: 5739
Total filas: 5739
Cabeceras RAW: FECHA | EXPEDIENTE | PLAN | SECTOR LABORA | SECTOR CYL | SECTOR ASTURIAS | SECTOR ESTATAL | FORMACIÓN INTERNA | TUTOR/A | NOMBRE ALUMNO/A | APELLIDO ALUMNO/A | EMPRESA | ACCIÓN | GRUPO | CURSO | INCIDENCIA | Tipo de datos incorrectos | Motivo no quiere hacer el curso | Falta de recursos | MOTIVOS | FOTOS | Medidas tomadas | SOLUCIÓN | FECHA
SOLUCIÓN | Anulado / Iniciado / Finalizado | ESTADO |  | 
Campo 'detalles' → Col 16 ('Tipo de datos incorrectos') puntos=100
Campo 'razon' → Col 17 ('Motivo no quiere hacer el curso') puntos=50
Campo 'dificultad' → Col 18 ('Falta de recursos') puntos=100
=== MAPEO DETALLADO ===
  fecha => Col 0: FECHA
  expediente => Col 1: EXPEDIENTE
  plan => Col 2: PLAN
  sector_labora => Col 3: SECTOR LABORA
  sector_cyl => Col 4: SECTOR CYL
  sector_asturias => Col 5: SECTOR ASTURIAS
  sector_estatal => Col 6: SECTOR ESTATAL
  tutor => Col 8: TUTOR/A
  nombre => Col 9: NOMBRE ALUMNO/A
  apellido => Col 10: APELLIDO ALUMNO/A
  empresa => Col 11: EMPRESA
  accion => Col 12: ACCIÓN
  grupo => Col 13: GRUPO
  curso => Col 14: CURSO
  incidencia => Col 15: INCIDENCIA
  razon => Col 17: Motivo no quiere hacer el curso
  motivo => Col 19: MOTIVOS
  fotos => Col 20: FOTOS
  medidas => Col 21: Medidas tomadas
  solucion => Col 22: SOLUCIÓN
  fecha_sol => Col 23: FECHA
SOLUCIÓN
  estado => Col 25: ESTADO
  detalles => Col 16: Tipo de datos incorrectos
  dificultad => Col 18: Falta de recursos
Mapeo FINAL: {"fecha":0,"expediente":1,"plan":2,"sector_labora":3,"sector_cyl":4,"sector_asturias":5,"sector_estatal":6,"tutor":8,"nombre":9,"apellido":10,"empresa":11,"accion":12,"grupo":13,"curso":14,"incidencia":15,"razon":17,"motivo":19,"fotos":20,"medidas":21,"solucion":22,"fecha_sol":23,"estado":25,"detalles":16,"dificultad":18}
Status map BD: {"open":1,"resolved":2,"abierta":3,"archived":4,"deleted":5,"iniciada":6,"en curso":7,"cerrada":8,"enviada":9}
Sin asignar ID: 1
Fila 0 => exp=FC/2024/62 | estado='Cerrada' | estadoAux=''
═════════════════════════════════════
Fila #0:
  Expediente: FC/2024/62
  Incidencia: Problemas para conectarse (claves, no le aparece el curso, etc)
  DETALLES: 
  RAZÓN: 
  DIFICULTAD: 
  DATOS: 
  estadoTexto combinado = 'Cerrada'
  → statusId=8, guardar='Cerrada'
Fila 1: Moviendo DETALLES → DATOS (por incidencia)
Fila 1 => exp=Kevin Marcio Chanca Salazar | estado='Cerrada' | estadoAux=''
═════════════════════════════════════
Fila #1:
  Expediente: Kevin Marcio Chanca Salazar
  Incidencia: Datos personales / contacto erróneos
  DETALLES: 
  RAZÓN: 
  DIFICULTAD: 
  DATOS: Correo electrónico
  estadoTexto combinado = 'Cerrada'
  → statusId=8, guardar='Cerrada'
Fila 2: Moviendo DETALLES → DATOS (por incidencia)
Fila 2 => exp=FC/2024/62 | estado='Cerrada' | estadoAux=''
═════════════════════════════════════
Fila #2:
  Expediente: FC/2024/62
  Incidencia: Datos personales / contacto erróneos
  DETALLES: 
  RAZÓN: 
  DIFICULTAD: 
  DATOS: Teléfono
  estadoTexto combinado = 'Cerrada'
  → statusId=8, guardar='Cerrada'
Fila 3 => exp=PCD/2024/12 | estado='Cerrada' | estadoAux=''
═════════════════════════════════════
Fila #3:
  Expediente: PCD/2024/12
  Incidencia: No consigo contactar con el/la alumno/a (tras varios intentos)
  DETALLES: 
  RAZÓN: 
  DIFICULTAD: 
  DATOS: 
  estadoTexto combinado = 'Cerrada'
  → statusId=8, guardar='Cerrada'
Fila 4 => exp=FC/2024/63 | estado='Cerrada' | estadoAux=''
═════════════════════════════════════
Fila #4:
  Expediente: FC/2024/63
  Incidencia: No conectado próximo al 25% de horas o 5º día  (según plan)
  DETALLES: 
  RAZÓN: 
  DIFICULTAD: 
  DATOS: 
  estadoTexto combinado = 'Cerrada'
  → statusId=8, guardar='Cerrada'
  estadoTexto combinado = 'Cerrada'
  → statusId=8, guardar='Cerrada'
Fila 6: Moviendo DETALLES → DATOS (por incidencia)
  estadoTexto combinado = 'Cerrada'
  → statusId=8, guardar='Cerrada'
Fila 7: Moviendo DETALLES → DATOS (por incidencia)
  estadoTexto combinado = 'Cerrada'
  → statusId=8, guardar='Cerrada'
  estadoTexto combinado = 'Cerrada'
  → statusId=8, guardar='Cerrada'
  estadoTexto combinado = 'Cerrada'
  → statusId=8, guardar='Cerrada'
Fila 14: Moviendo DETALLES → DATOS (por incidencia)
Fila 25: Moviendo DETALLES → DATOS (por incidencia)
Fila 68: Moviendo DETALLES → DATOS (por incidencia)
Fila 79: Moviendo DETALLES → DATOS (por incidencia)
Fila 84: Moviendo DETALLES → DATOS (por incidencia)
Fila 85: Moviendo DETALLES → DATOS (por incidencia)
Fila 123: Moviendo DETALLES → DATOS (por incidencia)
Fila 129: Moviendo DETALLES → DATOS (por incidencia)
Fila 145: Moviendo DETALLES → DATOS (por incidencia)
Fila 148: Moviendo DETALLES → DATOS (por incidencia)
Fila 149: Moviendo DETALLES → DATOS (por incidencia)
Fila 166: Moviendo DETALLES → DATOS (por incidencia)
Fila 175: Moviendo DETALLES → DATOS (por incidencia)
Fila 177: Moviendo DETALLES → DATOS (por incidencia)
Fila 195: Moviendo DETALLES → DATOS (por incidencia)
Fila 203: Moviendo DETALLES → DATOS (por incidencia)
Fila 204: Moviendo DETALLES → DATOS (por incidencia)
Fila 209: Moviendo DETALLES → DATOS (por incidencia)
Fila 214: Moviendo DETALLES → DATOS (por incidencia)
Fila 215: Moviendo DETALLES → DATOS (por incidencia)
Fila 226: Moviendo DETALLES → DATOS (por incidencia)
Fila 236: Moviendo DETALLES → DATOS (por incidencia)
Fila 279: Moviendo DETALLES → DATOS (por incidencia)
Fila 293: Moviendo DETALLES → DATOS (por incidencia)
Fila 303: Moviendo DETALLES → DATOS (por incidencia)
Fila 345: Moviendo DETALLES → DATOS (por incidencia)
Fila 350: Moviendo DETALLES → DATOS (por incidencia)
Fila 351: Moviendo DETALLES → DATOS (por incidencia)
Fila 353: Moviendo DETALLES → DATOS (por incidencia)
Fila 358: Moviendo DETALLES → DATOS (por incidencia)
Fila 359: Moviendo DETALLES → DATOS (por incidencia)
Fila 361: Moviendo DETALLES → DATOS (por incidencia)
Fila 367: Moviendo DETALLES → DATOS (por incidencia)
Fila 368: Moviendo DETALLES → DATOS (por incidencia)
Fila 369: Moviendo DETALLES → DATOS (por incidencia)
Fila 373: Moviendo DETALLES → DATOS (por incidencia)
Fila 379: Moviendo DETALLES → DATOS (por incidencia)
Fila 380: Moviendo DETALLES → DATOS (por incidencia)
Fila 383: Moviendo DETALLES → DATOS (por incidencia)
Fila 388: Moviendo DETALLES → DATOS (por incidencia)
Fila 390: Moviendo DETALLES → DATOS (por incidencia)
Fila 392: Moviendo DETALLES → DATOS (por incidencia)
Fila 407: Moviendo DETALLES → DATOS (por incidencia)
Fila 411: Moviendo DETALLES → DATOS (por incidencia)
Fila 416: Moviendo DETALLES → DATOS (por incidencia)
Fila 422: Moviendo DETALLES → DATOS (por incidencia)
Fila 423: Moviendo DETALLES → DATOS (por incidencia)
Fila 427: Moviendo DETALLES → DATOS (por incidencia)
Fila 433: Moviendo DETALLES → DATOS (por incidencia)
Fila 434: Moviendo DETALLES → DATOS (por incidencia)
Fila 435: Moviendo DETALLES → DATOS (por incidencia)
Fila 472: Moviendo DETALLES → DATOS (por incidencia)
Fila 476: Moviendo DETALLES → DATOS (por incidencia)
Fila 480: Moviendo DETALLES → DATOS (por incidencia)
Fila 490: Moviendo DETALLES → DATOS (por incidencia)
Fila 556: Moviendo DETALLES → DATOS (por incidencia)
Fila 559: Moviendo DETALLES → DATOS (por incidencia)
Fila 618: Moviendo DETALLES → DATOS (por incidencia)
Fila 627: Moviendo DETALLES → DATOS (por incidencia)
Fila 635: Moviendo DETALLES → DATOS (por incidencia)
Fila 651: Moviendo DETALLES → DATOS (por incidencia)
Fila 656: Moviendo DETALLES → DATOS (por incidencia)
Fila 702: Moviendo DETALLES → DATOS (por incidencia)
Fila 726: Moviendo DETALLES → DATOS (por incidencia)
Fila 748: Moviendo DETALLES → DATOS (por incidencia)
Fila 759: Moviendo DETALLES → DATOS (por incidencia)
Fila 765: Moviendo DETALLES → DATOS (por incidencia)
Fila 777: Moviendo DETALLES → DATOS (por incidencia)
Fila 780: Moviendo DETALLES → DATOS (por incidencia)
Fila 789: Moviendo DETALLES → DATOS (por incidencia)
Fila 803: Moviendo DETALLES → DATOS (por incidencia)
Fila 810: Moviendo DETALLES → DATOS (por incidencia)
Fila 823: Moviendo DETALLES → DATOS (por incidencia)
Fila 842: Moviendo DETALLES → DATOS (por incidencia)
Fila 848: Moviendo DETALLES → DATOS (por incidencia)
Fila 866: Moviendo DETALLES → DATOS (por incidencia)
Fila 867: Moviendo DETALLES → DATOS (por incidencia)
Fila 878: Moviendo DETALLES → DATOS (por incidencia)
Fila 891: Moviendo DETALLES → DATOS (por incidencia)
Fila 905: Moviendo DETALLES → DATOS (por incidencia)
Fila 908: Moviendo DETALLES → DATOS (por incidencia)
Fila 909: Moviendo DETALLES → DATOS (por incidencia)
Fila 916: Moviendo DETALLES → DATOS (por incidencia)
Fila 917: Moviendo DETALLES → DATOS (por incidencia)
Fila 919: Moviendo DETALLES → DATOS (por incidencia)
Fila 920: Moviendo DETALLES → DATOS (por incidencia)
Fila 937: Moviendo DETALLES → DATOS (por incidencia)
Fila 938: Moviendo DETALLES → DATOS (por incidencia)
Fila 942: Moviendo DETALLES → DATOS (por incidencia)
Fila 944: Moviendo DETALLES → DATOS (por incidencia)
Fila 945: Moviendo DETALLES → DATOS (por incidencia)
Fila 954: Moviendo DETALLES → DATOS (por incidencia)
Fila 958: Moviendo DETALLES → DATOS (por incidencia)
Fila 1000: Moviendo DETALLES → DATOS (por incidencia)
Fila 1008: Moviendo DETALLES → DATOS (por incidencia)
Fila 1015: Moviendo DETALLES → DATOS (por incidencia)
Fila 1066: Moviendo DETALLES → DATOS (por incidencia)
Fila 1084: Moviendo DETALLES → DATOS (por incidencia)
Fila 1111: Moviendo DETALLES → DATOS (por incidencia)
Fila 1130: Moviendo DETALLES → DATOS (por incidencia)
Fila 1132: Moviendo DETALLES → DATOS (por incidencia)
Fila 1133: Moviendo DETALLES → DATOS (por incidencia)
Fila 1175: Moviendo DETALLES → DATOS (por incidencia)
Fila 1184: Moviendo DETALLES → DATOS (por incidencia)
Fila 1206: Moviendo DETALLES → DATOS (por incidencia)
Fila 1214: Moviendo DETALLES → DATOS (por incidencia)
Fila 1218: Moviendo DETALLES → DATOS (por incidencia)
Fila 1232: Moviendo DETALLES → DATOS (por incidencia)
Fila 1249: Moviendo DETALLES → DATOS (por incidencia)
Fila 1252: Moviendo DETALLES → DATOS (por incidencia)
Fila 1253: Moviendo DETALLES → DATOS (por incidencia)
Fila 1261: Moviendo DETALLES → DATOS (por incidencia)
Fila 1300: Moviendo DETALLES → DATOS (por incidencia)
Fila 1302: Moviendo DETALLES → DATOS (por incidencia)
Fila 1304: Moviendo DETALLES → DATOS (por incidencia)
Fila 1364: Moviendo DETALLES → DATOS (por incidencia)
Fila 1369: Moviendo DETALLES → DATOS (por incidencia)
Fila 1381: Moviendo DETALLES → DATOS (por incidencia)
Fila 1405: Moviendo DETALLES → DATOS (por incidencia)
Fila 1413: Moviendo DETALLES → DATOS (por incidencia)
Fila 1414: Moviendo DETALLES → DATOS (por incidencia)
Fila 1421: Moviendo DETALLES → DATOS (por incidencia)
Fila 1454: Moviendo DETALLES → DATOS (por incidencia)
Fila 1497: Moviendo DETALLES → DATOS (por incidencia)
Fila 1498: Moviendo DETALLES → DATOS (por incidencia)
Fila 1523: Moviendo DETALLES → DATOS (por incidencia)
Fila 1579: Moviendo DETALLES → DATOS (por incidencia)
Fila 1620: Moviendo DETALLES → DATOS (por incidencia)
Fila 1702: Moviendo DETALLES → DATOS (por incidencia)
Fila 1744: Moviendo DETALLES → DATOS (por incidencia)
Fila 1745: Moviendo DETALLES → DATOS (por incidencia)
Fila 1747: Moviendo DETALLES → DATOS (por incidencia)
Fila 1759: Moviendo DETALLES → DATOS (por incidencia)
Fila 1765: Moviendo DETALLES → DATOS (por incidencia)
Fila 1767: Moviendo DETALLES → DATOS (por incidencia)
Fila 1790: Moviendo DETALLES → DATOS (por incidencia)
Fila 1813: Moviendo DETALLES → DATOS (por incidencia)
Fila 1889: Moviendo DETALLES → DATOS (por incidencia)
Fila 1909: Moviendo DETALLES → DATOS (por incidencia)
Fila 1948: Moviendo DETALLES → DATOS (por incidencia)
Fila 1949: Moviendo DETALLES → DATOS (por incidencia)
Fila 2008: Moviendo DETALLES → DATOS (por incidencia)
Fila 2012: Moviendo DETALLES → DATOS (por incidencia)
Fila 2019: Moviendo DETALLES → DATOS (por incidencia)
Fila 2020: Moviendo DETALLES → DATOS (por incidencia)
Fila 2021: Moviendo DETALLES → DATOS (por incidencia)
Fila 2022: Moviendo DETALLES → DATOS (por incidencia)
Fila 2032: Moviendo DETALLES → DATOS (por incidencia)
Fila 2033: Moviendo DETALLES → DATOS (por incidencia)
Fila 2036: Moviendo DETALLES → DATOS (por incidencia)
Fila 2047: Moviendo DETALLES → DATOS (por incidencia)
Fila 2048: Moviendo DETALLES → DATOS (por incidencia)
Fila 2052: Moviendo DETALLES → DATOS (por incidencia)
Fila 2059: Moviendo DETALLES → DATOS (por incidencia)
Fila 2073: Moviendo DETALLES → DATOS (por incidencia)
Fila 2102: Moviendo DETALLES → DATOS (por incidencia)
Fila 2103: Moviendo DETALLES → DATOS (por incidencia)
Fila 2142: Moviendo DETALLES → DATOS (por incidencia)
Fila 2160: Moviendo DETALLES → DATOS (por incidencia)
Fila 2193: Moviendo DETALLES → DATOS (por incidencia)
Fila 2212: Moviendo DETALLES → DATOS (por incidencia)
Fila 2231: Moviendo DETALLES → DATOS (por incidencia)
Fila 2233: Moviendo DETALLES → DATOS (por incidencia)
Fila 2254: Moviendo DETALLES → DATOS (por incidencia)
Fila 2263: Moviendo DETALLES → DATOS (por incidencia)
Fila 2265: Moviendo DETALLES → DATOS (por incidencia)
Fila 2267: Moviendo DETALLES → DATOS (por incidencia)
Fila 2282: Moviendo DETALLES → DATOS (por incidencia)
Fila 2297: Moviendo DETALLES → DATOS (por incidencia)
Fila 2298: Moviendo DETALLES → DATOS (por incidencia)
Fila 2318: Moviendo DETALLES → DATOS (por incidencia)
Fila 2320: Moviendo DETALLES → DATOS (por incidencia)
Fila 2348: Moviendo DETALLES → DATOS (por incidencia)
Fila 2354: Moviendo DETALLES → DATOS (por incidencia)
Fila 2382: Moviendo DETALLES → DATOS (por incidencia)
Fila 2404: Moviendo DETALLES → DATOS (por incidencia)
Fila 2433: Moviendo DETALLES → DATOS (por incidencia)
Fila 2484: Moviendo DETALLES → DATOS (por incidencia)
Fila 2498: Moviendo DETALLES → DATOS (por incidencia)
Fila 2552: Moviendo DETALLES → DATOS (por incidencia)
Fila 2553: Moviendo DETALLES → DATOS (por incidencia)
Fila 2570: Moviendo DETALLES → DATOS (por incidencia)
Fila 2584: Moviendo DETALLES → DATOS (por incidencia)
Fila 2601: Moviendo DETALLES → DATOS (por incidencia)
Fila 2602: Moviendo DETALLES → DATOS (por incidencia)
Fila 2603: Moviendo DETALLES → DATOS (por incidencia)
Fila 2615: Moviendo DETALLES → DATOS (por incidencia)
Fila 2647: Moviendo DETALLES → DATOS (por incidencia)
Fila 2664: Moviendo DETALLES → DATOS (por incidencia)
Fila 2665: Moviendo DETALLES → DATOS (por incidencia)
Fila 2666: Moviendo DETALLES → DATOS (por incidencia)
Fila 2667: Moviendo DETALLES → DATOS (por incidencia)
Fila 2681: Moviendo DETALLES → DATOS (por incidencia)
Fila 2701: Moviendo DETALLES → DATOS (por incidencia)
Fila 2702: Moviendo DETALLES → DATOS (por incidencia)
Fila 2704: Moviendo DETALLES → DATOS (por incidencia)
Fila 2705: Moviendo DETALLES → DATOS (por incidencia)
Fila 2722: Moviendo DETALLES → DATOS (por incidencia)
Fila 2723: Moviendo DETALLES → DATOS (por incidencia)
Fila 2733: Moviendo DETALLES → DATOS (por incidencia)
Fila 2745: Moviendo DETALLES → DATOS (por incidencia)
Fila 2746: Moviendo DETALLES → DATOS (por incidencia)
Fila 2747: Moviendo DETALLES → DATOS (por incidencia)
Fila 2848: Moviendo DETALLES → DATOS (por incidencia)
Fila 2849: Moviendo DETALLES → DATOS (por incidencia)
Fila 2850: Moviendo DETALLES → DATOS (por incidencia)
Fila 2856: Moviendo DETALLES → DATOS (por incidencia)
Fila 2862: Moviendo DETALLES → DATOS (por incidencia)
Fila 2923: Moviendo DETALLES → DATOS (por incidencia)
Fila 2924: Moviendo DETALLES → DATOS (por incidencia)
Fila 2934: Moviendo DETALLES → DATOS (por incidencia)
Fila 2945: Moviendo DETALLES → DATOS (por incidencia)
Fila 2954: Moviendo DETALLES → DATOS (por incidencia)
Fila 2960: Moviendo DETALLES → DATOS (por incidencia)
Fila 2961: Moviendo DETALLES → DATOS (por incidencia)
Fila 2967: Moviendo DETALLES → DATOS (por incidencia)
Fila 2968: Moviendo DETALLES → DATOS (por incidencia)
Fila 2969: Moviendo DETALLES → DATOS (por incidencia)
Fila 2970: Moviendo DETALLES → DATOS (por incidencia)
Fila 2971: Moviendo DETALLES → DATOS (por incidencia)
Fila 2972: Moviendo DETALLES → DATOS (por incidencia)
Fila 2974: Moviendo DETALLES → DATOS (por incidencia)
Fila 2975: Moviendo DETALLES → DATOS (por incidencia)
Fila 2976: Moviendo DETALLES → DATOS (por incidencia)
Fila 2977: Moviendo DETALLES → DATOS (por incidencia)
Fila 2979: Moviendo DETALLES → DATOS (por incidencia)
Fila 2980: Moviendo DETALLES → DATOS (por incidencia)
Fila 2985: Moviendo DETALLES → DATOS (por incidencia)
Fila 3002: Moviendo DETALLES → DATOS (por incidencia)
Fila 3003: Moviendo DETALLES → DATOS (por incidencia)
Fila 3034: Moviendo DETALLES → DATOS (por incidencia)
Fila 3037: Moviendo DETALLES → DATOS (por incidencia)
Fila 3038: Moviendo DETALLES → DATOS (por incidencia)
Fila 3067: Moviendo DETALLES → DATOS (por incidencia)
Fila 3068: Moviendo DETALLES → DATOS (por incidencia)
Fila 3075: Moviendo DETALLES → DATOS (por incidencia)
Fila 3076: Moviendo DETALLES → DATOS (por incidencia)
Fila 3077: Moviendo DETALLES → DATOS (por incidencia)
Fila 3098: Moviendo DETALLES → DATOS (por incidencia)
Fila 3106: Moviendo DETALLES → DATOS (por incidencia)
Fila 3111: Moviendo DETALLES → DATOS (por incidencia)
Fila 3112: Moviendo DETALLES → DATOS (por incidencia)
Fila 3114: Moviendo DETALLES → DATOS (por incidencia)
Fila 3115: Moviendo DETALLES → DATOS (por incidencia)
Fila 3117: Moviendo DETALLES → DATOS (por incidencia)
Fila 3118: Moviendo DETALLES → DATOS (por incidencia)
Fila 3119: Moviendo DETALLES → DATOS (por incidencia)
Fila 3136: Moviendo DETALLES → DATOS (por incidencia)
Fila 3137: Moviendo DETALLES → DATOS (por incidencia)
Fila 3182: Moviendo DETALLES → DATOS (por incidencia)
Fila 3183: Moviendo DETALLES → DATOS (por incidencia)
Fila 3203: Moviendo DETALLES → DATOS (por incidencia)
Fila 3204: Moviendo DETALLES → DATOS (por incidencia)
Fila 3206: Moviendo DETALLES → DATOS (por incidencia)
Fila 3208: Moviendo DETALLES → DATOS (por incidencia)
Fila 3209: Moviendo DETALLES → DATOS (por incidencia)
Fila 3210: Moviendo DETALLES → DATOS (por incidencia)
Fila 3211: Moviendo DETALLES → DATOS (por incidencia)
Fila 3212: Moviendo DETALLES → DATOS (por incidencia)
Fila 3213: Moviendo DETALLES → DATOS (por incidencia)
Fila 3214: Moviendo DETALLES → DATOS (por incidencia)
Fila 3215: Moviendo DETALLES → DATOS (por incidencia)
Fila 3218: Moviendo DETALLES → DATOS (por incidencia)
Fila 3219: Moviendo DETALLES → DATOS (por incidencia)
Fila 3221: Moviendo DETALLES → DATOS (por incidencia)
Fila 3234: Moviendo DETALLES → DATOS (por incidencia)
Fila 3235: Moviendo DETALLES → DATOS (por incidencia)
Fila 3236: Moviendo DETALLES → DATOS (por incidencia)
Fila 3242: Moviendo DETALLES → DATOS (por incidencia)
Fila 3246: Moviendo DETALLES → DATOS (por incidencia)
Fila 3261: Moviendo DETALLES → DATOS (por incidencia)
Fila 3265: Moviendo DETALLES → DATOS (por incidencia)
Fila 3329: Moviendo DETALLES → DATOS (por incidencia)
Fila 3330: Moviendo DETALLES → DATOS (por incidencia)
Fila 3332: Moviendo DETALLES → DATOS (por incidencia)
Fila 3364: Moviendo DETALLES → DATOS (por incidencia)
Fila 3375: Moviendo DETALLES → DATOS (por incidencia)
Fila 3376: Moviendo DETALLES → DATOS (por incidencia)
Fila 3390: Moviendo DETALLES → DATOS (por incidencia)
Fila 3476: Moviendo DETALLES → DATOS (por incidencia)
Fila 3489: Moviendo DETALLES → DATOS (por incidencia)
Fila 3491: Moviendo DETALLES → DATOS (por incidencia)
Fila 3536: Moviendo DETALLES → DATOS (por incidencia)
Fila 3539: Moviendo DETALLES → DATOS (por incidencia)
Fila 3541: Moviendo DETALLES → DATOS (por incidencia)
Fila 3547: Moviendo DETALLES → DATOS (por incidencia)
Fila 3549: Moviendo DETALLES → DATOS (por incidencia)
Fila 3550: Moviendo DETALLES → DATOS (por incidencia)
Fila 3598: Moviendo DETALLES → DATOS (por incidencia)
Fila 3600: Moviendo DETALLES → DATOS (por incidencia)
Fila 3602: Moviendo DETALLES → DATOS (por incidencia)
Fila 3629: Moviendo DETALLES → DATOS (por incidencia)
Fila 3634: Moviendo DETALLES → DATOS (por incidencia)
Fila 3637: Moviendo DETALLES → DATOS (por incidencia)
Fila 3638: Moviendo DETALLES → DATOS (por incidencia)
Fila 3639: Moviendo DETALLES → DATOS (por incidencia)
Fila 3647: Moviendo DETALLES → DATOS (por incidencia)
Fila 3658: Moviendo DETALLES → DATOS (por incidencia)
Fila 3670: Moviendo DETALLES → DATOS (por incidencia)
Fila 3684: Moviendo DETALLES → DATOS (por incidencia)
Fila 3714: Moviendo DETALLES → DATOS (por incidencia)
Fila 3811: Moviendo DETALLES → DATOS (por incidencia)
Fila 3900: Moviendo DETALLES → DATOS (por incidencia)
Fila 3918: Moviendo DETALLES → DATOS (por incidencia)
Fila 3934: Moviendo DETALLES → DATOS (por incidencia)
Fila 3946: Moviendo DETALLES → DATOS (por incidencia)
Fila 3952: Moviendo DETALLES → DATOS (por incidencia)
Fila 3955: Moviendo DETALLES → DATOS (por incidencia)
Fila 3978: Moviendo DETALLES → DATOS (por incidencia)
Fila 4017: Moviendo DETALLES → DATOS (por incidencia)
Fila 4019: Moviendo DETALLES → DATOS (por incidencia)
Fila 4020: Moviendo DETALLES → DATOS (por incidencia)
Fila 4071: Moviendo DETALLES → DATOS (por incidencia)
Fila 4072: Moviendo DETALLES → DATOS (por incidencia)
Fila 4073: Moviendo DETALLES → DATOS (por incidencia)
Fila 4111: Moviendo DETALLES → DATOS (por incidencia)
Fila 4132: Moviendo DETALLES → DATOS (por incidencia)
Fila 4169: Moviendo DETALLES → DATOS (por incidencia)
Fila 4170: Moviendo DETALLES → DATOS (por incidencia)
Fila 4171: Moviendo DETALLES → DATOS (por incidencia)
Fila 4172: Moviendo DETALLES → DATOS (por incidencia)
Fila 4177: Moviendo DETALLES → DATOS (por incidencia)
Fila 4209: Moviendo DETALLES → DATOS (por incidencia)
Fila 4215: Moviendo DETALLES → DATOS (por incidencia)
Fila 4216: Moviendo DETALLES → DATOS (por incidencia)
Fila 4217: Moviendo DETALLES → DATOS (por incidencia)
Fila 4220: Moviendo DETALLES → DATOS (por incidencia)
Fila 4221: Moviendo DETALLES → DATOS (por incidencia)
Fila 4222: Moviendo DETALLES → DATOS (por incidencia)
Fila 4223: Moviendo DETALLES → DATOS (por incidencia)
Fila 4252: Moviendo DETALLES → DATOS (por incidencia)
Fila 4253: Moviendo DETALLES → DATOS (por incidencia)
Fila 4257: Moviendo DETALLES → DATOS (por incidencia)
Fila 4337: Moviendo DETALLES → DATOS (por incidencia)
Fila 4348: Moviendo DETALLES → DATOS (por incidencia)
Fila 4400: Moviendo DETALLES → DATOS (por incidencia)
Fila 4403: Moviendo DETALLES → DATOS (por incidencia)
Fila 4419: Moviendo DETALLES → DATOS (por incidencia)
Fila 4449: Moviendo DETALLES → DATOS (por incidencia)
Fila 4459: Moviendo DETALLES → DATOS (por incidencia)
Fila 4461: Moviendo DETALLES → DATOS (por incidencia)
Fila 4462: Moviendo DETALLES → DATOS (por incidencia)
Fila 4502: Moviendo DETALLES → DATOS (por incidencia)
Fila 4514: Moviendo DETALLES → DATOS (por incidencia)
Fila 4522: Moviendo DETALLES → DATOS (por incidencia)
Fila 4533: Moviendo DETALLES → DATOS (por incidencia)
Fila 4537: Moviendo DETALLES → DATOS (por incidencia)
Fila 4589: Moviendo DETALLES → DATOS (por incidencia)
Fila 4606: Moviendo DETALLES → DATOS (por incidencia)
Fila 4607: Moviendo DETALLES → DATOS (por incidencia)
Fila 4610: Moviendo DETALLES → DATOS (por incidencia)
Fila 4619: Moviendo DETALLES → DATOS (por incidencia)
Fila 4627: Moviendo DETALLES → DATOS (por incidencia)
Fila 4633: Moviendo DETALLES → DATOS (por incidencia)
Fila 4636: Moviendo DETALLES → DATOS (por incidencia)
Fila 4665: Moviendo DETALLES → DATOS (por incidencia)
Fila 4688: Moviendo DETALLES → DATOS (por incidencia)
Fila 4738: Moviendo DETALLES → DATOS (por incidencia)
Fila 4744: Moviendo DETALLES → DATOS (por incidencia)
Fila 4799: Moviendo DETALLES → DATOS (por incidencia)
Fila 4874: Moviendo DETALLES → DATOS (por incidencia)
Fila 4920: Moviendo DETALLES → DATOS (por incidencia)
Fila 4939: Moviendo DETALLES → DATOS (por incidencia)
Fila 4955: Moviendo DETALLES → DATOS (por incidencia)
Fila 4956: Moviendo DETALLES → DATOS (por incidencia)
Fila 4971: Moviendo DETALLES → DATOS (por incidencia)
Fila 4974: Moviendo DETALLES → DATOS (por incidencia)
Fila 4977: Moviendo DETALLES → DATOS (por incidencia)
Fila 5008: Moviendo DETALLES → DATOS (por incidencia)
Fila 5009: Moviendo DETALLES → DATOS (por incidencia)
Fila 5025: Moviendo DETALLES → DATOS (por incidencia)
Fila 5031: Moviendo DETALLES → DATOS (por incidencia)
Fila 5032: Moviendo DETALLES → DATOS (por incidencia)
Fila 5035: Moviendo DETALLES → DATOS (por incidencia)
Fila 5054: Moviendo DETALLES → DATOS (por incidencia)
Fila 5055: Moviendo DETALLES → DATOS (por incidencia)
Fila 5077: Moviendo DETALLES → DATOS (por incidencia)
Fila 5100: Moviendo DETALLES → DATOS (por incidencia)
Fila 5172: Moviendo DETALLES → DATOS (por incidencia)
Fila 5176: Moviendo DETALLES → DATOS (por incidencia)
Fila 5183: Moviendo DETALLES → DATOS (por incidencia)
Fila 5184: Moviendo DETALLES → DATOS (por incidencia)
Fila 5187: Moviendo DETALLES → DATOS (por incidencia)
Fila 5195: Moviendo DETALLES → DATOS (por incidencia)
Fila 5279: Moviendo DETALLES → DATOS (por incidencia)
Fila 5280: Moviendo DETALLES → DATOS (por incidencia)
Fila 5295: Moviendo DETALLES → DATOS (por incidencia)
Fila 5296: Moviendo DETALLES → DATOS (por incidencia)
Fila 5299: Moviendo DETALLES → DATOS (por incidencia)
Fila 5304: Moviendo DETALLES → DATOS (por incidencia)
Fila 5331: Moviendo DETALLES → DATOS (por incidencia)
Fila 5337: Moviendo DETALLES → DATOS (por incidencia)
Fila 5340: Moviendo DETALLES → DATOS (por incidencia)
Fila 5344: Moviendo DETALLES → DATOS (por incidencia)
Fila 5351: Moviendo DETALLES → DATOS (por incidencia)
Fila 5352: Moviendo DETALLES → DATOS (por incidencia)
Fila 5354: Moviendo DETALLES → DATOS (por incidencia)
Fila 5356: Moviendo DETALLES → DATOS (por incidencia)
Fila 5362: Moviendo DETALLES → DATOS (por incidencia)
Fila 5368: Moviendo DETALLES → DATOS (por incidencia)
Fila 5394: Moviendo DETALLES → DATOS (por incidencia)
Fila 5395: Moviendo DETALLES → DATOS (por incidencia)
Fila 5396: Moviendo DETALLES → DATOS (por incidencia)
Fila 5448: Moviendo DETALLES → DATOS (por incidencia)
Fila 5452: Moviendo DETALLES → DATOS (por incidencia)
Fila 5458: Moviendo DETALLES → DATOS (por incidencia)
Fila 5466: Moviendo DETALLES → DATOS (por incidencia)
Fila 5498: Moviendo DETALLES → DATOS (por incidencia)
Fila 5500: Moviendo DETALLES → DATOS (por incidencia)
Fila 5538: Moviendo DETALLES → DATOS (por incidencia)
Fila 5573: Moviendo DETALLES → DATOS (por incidencia)
Fila 5580: Moviendo DETALLES → DATOS (por incidencia)
Fila 5587: Moviendo DETALLES → DATOS (por incidencia)
Fila 5608: Moviendo DETALLES → DATOS (por incidencia)
Fila 5626: Moviendo DETALLES → DATOS (por incidencia)
Fila 5632: Moviendo DETALLES → DATOS (por incidencia)
Fila 5634: Moviendo DETALLES → DATOS (por incidencia)
Fila 5636: Moviendo DETALLES → DATOS (por incidencia)
Fila 5638: Moviendo DETALLES → DATOS (por incidencia)
Fila 5656: Moviendo DETALLES → DATOS (por incidencia)
Fila 5657: Moviendo DETALLES → DATOS (por incidencia)
Fila 5661: Moviendo DETALLES → DATOS (por incidencia)
Fila 5674: Moviendo DETALLES → DATOS (por incidencia)
Fila 5686: Moviendo DETALLES → DATOS (por incidencia)
Fila 5729: Moviendo DETALLES → DATOS (por incidencia)
=== FIN: OK=5737, ERR=0, VACIAS=1 ===
