=== IMPORT COORD 2026-06-12 10:22:39 ===
Archivo: plantilla_coordinadores.csv | Ext: csv
Cabeceras (47): FECHA | EXPEDIENTE | PLAN | SECTOR | ACCION | GRUPO | NOMBRE DEL CURSO | Nº ALUMNOS MATRICULADOS | Nº ALUMNOS QUE FINALIZAN | TUTOR | PERSONAS DE APOYO | EQUIPO DE DINAMIZACION | DOMINIO DE LOS CONTENIDOS | RESOLUCION DE DUDAS | CALIDAD DEL SEGUIMIENTO | CLARIDAD DE LOS SEGUIMIENTOS | CORRECCION Y REVISION | OBSERVACIONES | ATENCION Y ACOMPANAMIENTO | RESOLUCION DE INCIDENCIAS
EXACTO: 'FECHA' → col 0 (fecha)
EXACTO: 'EXPEDIENTE' → col 1 (expedientes)
EXACTO: 'PLAN' → col 2 (planes)
EXACTO: 'SECTOR' → col 3 (sectores)
EXACTO: 'ACCION' → col 4 (acciones)
EXACTO: 'GRUPO' → col 5 (grupos)
EXACTO: 'NOMBRE DEL CURSO' → col 6 (nombrescursos)
EXACTO: 'TUTOR' → col 9 (tutores)
EXACTO: 'PERSONAS DE APOYO' → col 10 (personasdeapoyo)
EXACTO: 'EQUIPO DE DINAMIZACION' → col 11 (equiposdedinamizacion)
EXACTO: 'DOMINIO DE LOS CONTENIDOS' → col 12 (dominiosdeloscontenidos)
EXACTO: 'RESOLUCION DE DUDAS' → col 13 (resoluciondedudas)
EXACTO: 'CALIDAD DEL SEGUIMIENTO' → col 14 (calidadesdelseguimiento)
EXACTO: 'CLARIDAD DE LOS SEGUIMIENTOS' → col 15 (claridaddelosseguimientos)
EXACTO: 'CORRECCION Y REVISION' → col 16 (correccionyrevision)
EXACTO: 'OBSERVACIONES' → col 17 (OBSERVACIONES)
EXACTO: 'ATENCION Y ACOMPANAMIENTO' → col 18 (atencionyacompañamiento)
EXACTO: 'RESOLUCION DE INCIDENCIAS' → col 19 (resoluciondeincidencias)
EXACTO: 'RAPIDEZ Y EFICACIA' → col 20 (rapidezyeficacia)
EXACTO: 'SEGUIMIENTO DEL ALUMNADO' → col 21 (seguimientodelalumnado)
EXACTO: 'REALIZACION DE ACCIONES' → col 22 (realizaciondeacciones)
EXACTO: 'CORRECCION Y REVISION APOYO' → col 23 (correccion)
EXACTO: 'OBSERVACIONES APOYO' → col 24 (observaciones2)
EXACTO: 'REALIZA LLAMADAS' → col 25 (realizallamadas)
EXACTO: 'ALUMNADO INACTIVO' → col 26 (alumnadoinactivo)
EXACTO: 'LLEVA CABO ACCIONES' → col 27 (llevaacaboacciones)
EXACTO: 'REGISTRA CORRECTAMENTE' → col 28 (registracorrectamente)
EXACTO: 'DETECTA DE FORMA TEMPRANA' → col 29 (detectadeformatemprana)
EXACTO: 'OBSERVACIONES DINAMIZACION' → col 30 (observaciones3)
EXACTO: 'PARTICIPACION GENERAL' → col 31 (participaciongeneral)
EXACTO: 'SATISFACCION PERCIBIDA' → col 32 (satisfacciónpercibida)
EXACTO: 'PRINCIPALES DIFICULTADES' → col 33 (principalesdificultades)
EXACTO: 'MOTIVOS' → col 34 (observaciones4)
EXACTO: 'PERFIL ALUMNADO' → col 35 (perfilalumnado)
EXACTO: 'SE HAN DETECTADO INCIDENCIAS' → col 36 (sehandetectadoincidencias)
EXACTO: 'DESCRIBIR' → col 37 (describir)
EXACTO: 'FUERON CORRECTAS' → col 38 (fueroncorrectas)
EXACTO: 'OBSERVACIONES ADICIONALES' → col 39 (observaciones5)
EXACTO: 'VALORACION GLOBAL' → col 40 (valoracionglobal)
EXACTO: 'CONCLUSION GENERAL' → col 41 (conclusionesgenerales)
EXACTO: 'ASPECTOS DESTACABLES' → col 42 (apectosdestacables)
EXACTO: 'ASPECTOS PRIORITARIOS' → col 43 (aspectosprioritarios)
EXACTO: 'NECESIDADES DETECTADAS' → col 44 (necesidadesdetectadasenlat)
EXACTO: 'EXISTIO COORDINACION' → col 45 (existiocordinacion)
EXACTO: 'ESTADO' → col 46 (__estado__)
PARCIAL: 'ALUMNOS MATRICULADOS' en 'Nº ALUMNOS MATRICULADOS' → col 7 (ndealumnos)
PARCIAL: 'ALUMNOS QUE FINALIZAN' en 'Nº ALUMNOS QUE FINALIZAN' → col 8 (nfinalizados)
Mapeo final: {"fecha":0,"expedientes":1,"planes":2,"sectores":3,"acciones":4,"grupos":5,"nombrescursos":6,"tutores":9,"personasdeapoyo":10,"equiposdedinamizacion":11,"dominiosdeloscontenidos":12,"resoluciondedudas":13,"calidadesdelseguimiento":14,"claridaddelosseguimientos":15,"correccionyrevision":16,"OBSERVACIONES":17,"atencionyacompa\u00f1amiento":18,"resoluciondeincidencias":19,"rapidezyeficacia":20,"seguimientodelalumnado":21,"realizaciondeacciones":22,"correccion":23,"observaciones2":24,"realizallamadas":25,"alumnadoinactivo":26,"llevaacaboacciones":27,"registracorrectamente":28,"detectadeformatemprana":29,"observaciones3":30,"participaciongeneral":31,"satisfacci\u00f3npercibida":32,"principalesdificultades":33,"observaciones4":34,"perfilalumnado":35,"sehandetectadoincidencias":36,"describir":37,"fueroncorrectas":38,"observaciones5":39,"valoracionglobal":40,"conclusionesgenerales":41,"apectosdestacables":42,"aspectosprioritarios":43,"necesidadesdetectadasenlat":44,"existiocordinacion":45,"__estado__":46,"ndealumnos":7,"nfinalizados":8}
field_ids form 22: {"expedientes":123,"planes":124,"sectores":125,"acciones":126,"grupos":127,"nombrescursos":128,"ndealumnos":129,"nfinalizados":130,"tutores":131,"personasdeapoyo":132,"equiposdedinamizaci\u00f3n":133,"informaciones":134,"dominiosdeloscontenidos":135,"resoluciondedudas":136,"calidadesdelseguimiento":137,"claridaddelosseguimientos":138,"correccionyrevision":139,"OBSERVACIONES":140,"informacion2":141,"atencionyacompa\u00f1amiento":142,"resoluciondeincidencias":143,"rapidezyeficacia":144,"seguimientodelalumnado":145,"realizaciondeacciones":146,"correccion":147,"observaciones2":148,"informacion3":149,"realizallamadas":150,"alumnadoinactivo":151,"llevaacaboacciones":152,"registracorrectamente":153,"detectadeformatemprana":154,"observaciones3":155,"informacion4":156,"participaciongeneral":157,"satisfacci\u00f3npercibida":158,"principalesdificultades":159,"observaciones4":160,"perfilalumnado":161,"informacion5":162,"sehandetectadoincidencias":163,"describir":164,"fueroncorrectas":165,"observaciones5":166,"informacion6":167,"conclusionesgenerales":168,"informacion7":169,"valoracionglobal":170,"apectosdestacables":171,"aspectosprioritarios":172,"necesidadesdetectadasenlatutorizacion":173,"existiocordinacion":174}
=== FIN: OK=1, ERR=0, VACIAS=0 ===
